This is XeTeX, Version 3.141592653-2.6-0.999995 (TeX Live 2023) (preloaded format=xelatex 2023.10.28)  28 OCT 2023 15:16
entering extended mode
 restricted \write18 enabled.
 %&-line parsing enabled.
**index.tex
(./index.tex
LaTeX2e <2023-06-01> patch level 1
L3 programming layer <2023-10-23>
(c:/Users/dlakens/AppData/Roaming/TinyTeX/texmf-dist/tex/latex/koma-script/scrreprt.cls
Document Class: scrreprt 2023/07/07 v3.41 KOMA-Script document class (report)
(c:/Users/dlakens/AppData/Roaming/TinyTeX/texmf-dist/tex/latex/koma-script/scrkbase.sty
Package: scrkbase 2023/07/07 v3.41 KOMA-Script package (KOMA-Script-dependent basics and keyval usage)
(c:/Users/dlakens/AppData/Roaming/TinyTeX/texmf-dist/tex/latex/koma-script/scrbase.sty
Package: scrbase 2023/07/07 v3.41 KOMA-Script package (KOMA-Script-independent basics and keyval usage)
(c:/Users/dlakens/AppData/Roaming/TinyTeX/texmf-dist/tex/latex/koma-script/scrlfile.sty
Package: scrlfile 2023/07/07 v3.41 KOMA-Script package (file load hooks)
(c:/Users/dlakens/AppData/Roaming/TinyTeX/texmf-dist/tex/latex/koma-script/scrlfile-hook.sty
Package: scrlfile-hook 2023/07/07 v3.41 KOMA-Script package (using LaTeX hooks)
(c:/Users/dlakens/AppData/Roaming/TinyTeX/texmf-dist/tex/latex/koma-script/scrlogo.sty
Package: scrlogo 2023/07/07 v3.41 KOMA-Script package (logo)
))) (c:/Users/dlakens/AppData/Roaming/TinyTeX/texmf-dist/tex/latex/graphics/keyval.sty
Package: keyval 2022/05/29 v1.15 key=value parser (DPC)
\KV@toks@=\toks17
)
Applying: [2021/05/01] Usage of raw or classic option list on input line 252.
Already applied: [0000/00/00] Usage of raw or classic option list on input line 368.
)) (c:/Users/dlakens/AppData/Roaming/TinyTeX/texmf-dist/tex/latex/koma-script/tocbasic.sty
Package: tocbasic 2023/07/07 v3.41 KOMA-Script package (handling toc-files)
\scr@dte@tocline@numberwidth=\skip48
\scr@dte@tocline@numbox=\box51
)
Package tocbasic Info: omitting babel extension for `toc'
(tocbasic)             because of feature `nobabel' available
(tocbasic)             for `toc' on input line 135.
Class scrreprt Info: File `scrsize11pt.clo' used instead of
(scrreprt)           file `scrsize11.clo' to setup font sizes on input line 2688.
(c:/Users/dlakens/AppData/Roaming/TinyTeX/texmf-dist/tex/latex/koma-script/scrsize11pt.clo
File: scrsize11pt.clo 2023/07/07 v3.41 KOMA-Script font size class option (11pt)
) (c:/Users/dlakens/AppData/Roaming/TinyTeX/texmf-dist/tex/latex/koma-script/typearea.sty
Package: typearea 2023/07/07 v3.41 KOMA-Script package (type area)
\ta@bcor=\skip49
\ta@div=\count182
Package typearea Info: You've used standard option `letterpaper'.
(typearea)             This is correct!
(typearea)             Internally I'm using `paper=letter'.
(typearea)             If you'd like to set the option with \KOMAoptions,
(typearea)             you'd have to use `paper=letter' there
(typearea)             instead of `letterpaper', too.
\ta@hblk=\skip50
\ta@vblk=\skip51
\ta@temp=\skip52
\footheight=\skip53
Package typearea Info: These are the values describing the layout:
(typearea)             DIV  = 11
(typearea)             BCOR = 0.0pt
(typearea)             \paperwidth      = 614.295pt
(typearea)              \textwidth      = 446.76004pt
(typearea)              DIV departure   = -14%
(typearea)              \evensidemargin = 11.49748pt
(typearea)              \oddsidemargin  = 11.49748pt
(typearea)             \paperheight     = 794.96999pt
(typearea)              \textheight     = 582.20026pt
(typearea)              \topmargin      = -37.40001pt
(typearea)              \headheight     = 17.0pt
(typearea)              \headsep        = 20.40001pt
(typearea)              \topskip        = 11.0pt
(typearea)              \footskip       = 47.6pt
(typearea)              \baselineskip   = 13.6pt
(typearea)              on input line 1799.
)
\c@part=\count183
\c@chapter=\count184
\c@section=\count185
\c@subsection=\count186
\c@subsubsection=\count187
\c@paragraph=\count188
\c@subparagraph=\count189
\scr@dte@chapter@maxnumwidth=\skip54
Class scrreprt Info: using compatibility default `afterindent=bysign'
(scrreprt)           for `\chapter on input line 5994.
\scr@dte@section@maxnumwidth=\skip55
Class scrreprt Info: using compatibility default `runin=bysign'
(scrreprt)           for `\section on input line 6005.
Class scrreprt Info: using compatibility default `afterindent=bysign'
(scrreprt)           for `\section on input line 6005.
\scr@dte@part@maxnumwidth=\skip56
Class scrreprt Info: using compatibility default `afterindent=true'
(scrreprt)           for `\part on input line 6014.
\scr@dte@subsection@maxnumwidth=\skip57
Class scrreprt Info: using compatibility default `runin=bysign'
(scrreprt)           for `\subsection on input line 6024.
Class scrreprt Info: using compatibility default `afterindent=bysign'
(scrreprt)           for `\subsection on input line 6024.
\scr@dte@subsubsection@maxnumwidth=\skip58
Class scrreprt Info: using compatibility default `runin=bysign'
(scrreprt)           for `\subsubsection on input line 6034.
Class scrreprt Info: using compatibility default `afterindent=bysign'
(scrreprt)           for `\subsubsection on input line 6034.
\scr@dte@paragraph@maxnumwidth=\skip59
Class scrreprt Info: using compatibility default `runin=bysign'
(scrreprt)           for `\paragraph on input line 6045.
Class scrreprt Info: using compatibility default `afterindent=bysign'
(scrreprt)           for `\paragraph on input line 6045.
\scr@dte@subparagraph@maxnumwidth=\skip60
Class scrreprt Info: using compatibility default `runin=bysign'
(scrreprt)           for `\subparagraph on input line 6055.
Class scrreprt Info: using compatibility default `afterindent=bysign'
(scrreprt)           for `\subparagraph on input line 6055.
\abovecaptionskip=\skip61
\belowcaptionskip=\skip62
\c@pti@nb@sid@b@x=\box52
Package tocbasic Info: omitting babel extension for `lof'
(tocbasic)             because of feature `nobabel' available
(tocbasic)             for `lof' on input line 7240.
\scr@dte@figure@maxnumwidth=\skip63
\c@figure=\count190
Package tocbasic Info: omitting babel extension for `lot'
(tocbasic)             because of feature `nobabel' available
(tocbasic)             for `lot' on input line 7257.
\scr@dte@table@maxnumwidth=\skip64
\c@table=\count191
Class scrreprt Info: Redefining `\numberline' on input line 7428.
\bibindent=\dimen140
) (c:/Users/dlakens/AppData/Roaming/TinyTeX/texmf-dist/tex/latex/amsmath/amsmath.sty
Package: amsmath 2023/05/13 v2.17o AMS math features
\@mathmargin=\skip65
For additional information on amsmath, use the `?' option.
(c:/Users/dlakens/AppData/Roaming/TinyTeX/texmf-dist/tex/latex/amsmath/amstext.sty
Package: amstext 2021/08/26 v2.01 AMS text
(c:/Users/dlakens/AppData/Roaming/TinyTeX/texmf-dist/tex/latex/amsmath/amsgen.sty
File: amsgen.sty 1999/11/30 v2.0 generic functions
\@emptytoks=\toks18
\ex@=\dimen141
)) (c:/Users/dlakens/AppData/Roaming/TinyTeX/texmf-dist/tex/latex/amsmath/amsbsy.sty
Package: amsbsy 1999/11/29 v1.2d Bold Symbols
\pmbraise@=\dimen142
) (c:/Users/dlakens/AppData/Roaming/TinyTeX/texmf-dist/tex/latex/amsmath/amsopn.sty
Package: amsopn 2022/04/08 v2.04 operator names
)
\inf@bad=\count192
LaTeX Info: Redefining \frac on input line 234.
\uproot@=\count193
\leftroot@=\count194
LaTeX Info: Redefining \overline on input line 399.
LaTeX Info: Redefining \colon on input line 410.
\classnum@=\count195
\DOTSCASE@=\count196
LaTeX Info: Redefining \ldots on input line 496.
LaTeX Info: Redefining \dots on input line 499.
LaTeX Info: Redefining \cdots on input line 620.
\Mathstrutbox@=\box53
\strutbox@=\box54
LaTeX Info: Redefining \big on input line 722.
LaTeX Info: Redefining \Big on input line 723.
LaTeX Info: Redefining \bigg on input line 724.
LaTeX Info: Redefining \Bigg on input line 725.
\big@size=\dimen143
LaTeX Font Info:    Redeclaring font encoding OML on input line 743.
LaTeX Font Info:    Redeclaring font encoding OMS on input line 744.
\macc@depth=\count197
LaTeX Info: Redefining \bmod on input line 905.
LaTeX Info: Redefining \pmod on input line 910.
LaTeX Info: Redefining \smash on input line 940.
LaTeX Info: Redefining \relbar on input line 970.
LaTeX Info: Redefining \Relbar on input line 971.
\c@MaxMatrixCols=\count198
\dotsspace@=\muskip16
\c@parentequation=\count199
\dspbrk@lvl=\count266
\tag@help=\toks19
\row@=\count267
\column@=\count268
\maxfields@=\count269
\andhelp@=\toks20
\eqnshift@=\dimen144
\alignsep@=\dimen145
\tagshift@=\dimen146
\tagwidth@=\dimen147
\totwidth@=\dimen148
\lineht@=\dimen149
\@envbody=\toks21
\multlinegap=\skip66
\multlinetaggap=\skip67
\mathdisplay@stack=\toks22
LaTeX Info: Redefining \[ on input line 2953.
LaTeX Info: Redefining \] on input line 2954.
) (c:/Users/dlakens/AppData/Roaming/TinyTeX/texmf-dist/tex/latex/amsfonts/amssymb.sty
Package: amssymb 2013/01/14 v3.01 AMS font symbols
(c:/Users/dlakens/AppData/Roaming/TinyTeX/texmf-dist/tex/latex/amsfonts/amsfonts.sty
Package: amsfonts 2013/01/14 v3.01 Basic AMSFonts support
\symAMSa=\mathgroup4
\symAMSb=\mathgroup5
LaTeX Font Info:    Redeclaring math symbol \hbar on input line 98.
LaTeX Font Info:    Overwriting math alphabet `\mathfrak' in version `bold'
(Font)                  U/euf/m/n --> U/euf/b/n on input line 106.
)) (c:/Users/dlakens/AppData/Roaming/TinyTeX/texmf-dist/tex/generic/iftex/iftex.sty
Package: iftex 2022/02/03 v1.0f TeX engine tests
) (c:/Users/dlakens/AppData/Roaming/TinyTeX/texmf-dist/tex/latex/unicode-math/unicode-math.sty (c:/Users/dlakens/AppData/Roaming/TinyTeX/texmf-dist/tex/latex/l3kernel/expl3.sty
Package: expl3 2023-10-23 L3 programming layer (loader) 
(c:/Users/dlakens/AppData/Roaming/TinyTeX/texmf-dist/tex/latex/l3backend/l3backend-xetex.def
File: l3backend-xetex.def 2023-10-23 L3 backend support: XeTeX
\g__graphics_track_int=\count270
\l__pdf_internal_box=\box55
\g__pdf_backend_object_int=\count271
\g__pdf_backend_annotation_int=\count272
\g__pdf_backend_link_int=\count273
))
Package: unicode-math 2023/08/13 v0.8r Unicode maths in XeLaTeX and LuaLaTeX
(c:/Users/dlakens/AppData/Roaming/TinyTeX/texmf-dist/tex/latex/unicode-math/unicode-math-xetex.sty
Package: unicode-math-xetex 2023/08/13 v0.8r Unicode maths in XeLaTeX and LuaLaTeX
(c:/Users/dlakens/AppData/Roaming/TinyTeX/texmf-dist/tex/latex/l3packages/xparse/xparse.sty
Package: xparse 2023-10-10 L3 Experimental document command parser
) (c:/Users/dlakens/AppData/Roaming/TinyTeX/texmf-dist/tex/latex/l3packages/l3keys2e/l3keys2e.sty
Package: l3keys2e 2023-10-10 LaTeX2e option processing using LaTeX3 keys
) (c:/Users/dlakens/AppData/Roaming/TinyTeX/texmf-dist/tex/latex/fontspec/fontspec.sty
Package: fontspec 2022/01/15 v2.8a Font selection for XeLaTeX and LuaLaTeX
(c:/Users/dlakens/AppData/Roaming/TinyTeX/texmf-dist/tex/latex/fontspec/fontspec-xetex.sty
Package: fontspec-xetex 2022/01/15 v2.8a Font selection for XeLaTeX and LuaLaTeX
\l__fontspec_script_int=\count274
\l__fontspec_language_int=\count275
\l__fontspec_strnum_int=\count276
\l__fontspec_tmp_int=\count277
\l__fontspec_tmpa_int=\count278
\l__fontspec_tmpb_int=\count279
\l__fontspec_tmpc_int=\count280
\l__fontspec_em_int=\count281
\l__fontspec_emdef_int=\count282
\l__fontspec_strong_int=\count283
\l__fontspec_strongdef_int=\count284
\l__fontspec_tmpa_dim=\dimen150
\l__fontspec_tmpb_dim=\dimen151
\l__fontspec_tmpc_dim=\dimen152
(c:/Users/dlakens/AppData/Roaming/TinyTeX/texmf-dist/tex/latex/base/fontenc.sty
Package: fontenc 2021/04/29 v2.0v Standard LaTeX package
) (c:/Users/dlakens/AppData/Roaming/TinyTeX/texmf-dist/tex/latex/fontspec/fontspec.cfg))) (c:/Users/dlakens/AppData/Roaming/TinyTeX/texmf-dist/tex/latex/base/fix-cm.sty
Package: fix-cm 2020/11/24 v1.1t fixes to LaTeX
(c:/Users/dlakens/AppData/Roaming/TinyTeX/texmf-dist/tex/latex/base/ts1enc.def
File: ts1enc.def 2001/06/05 v3.0e (jk/car/fm) Standard LaTeX file
LaTeX Font Info:    Redeclaring font encoding TS1 on input line 47.
))
\g__um_fam_int=\count285
\g__um_fonts_used_int=\count286
\l__um_primecount_int=\count287
\g__um_primekern_muskip=\muskip17
(c:/Users/dlakens/AppData/Roaming/TinyTeX/texmf-dist/tex/latex/unicode-math/unicode-math-table.tex))) (c:/Users/dlakens/AppData/Roaming/TinyTeX/texmf-dist/tex/latex/lm/lmodern.sty
Package: lmodern 2015/05/01 v1.6.1 Latin Modern Fonts
LaTeX Font Info:    Overwriting symbol font `operators' in version `normal'
(Font)                  OT1/cmr/m/n --> OT1/lmr/m/n on input line 22.
LaTeX Font Info:    Overwriting symbol font `letters' in version `normal'
(Font)                  OML/cmm/m/it --> OML/lmm/m/it on input line 23.
LaTeX Font Info:    Overwriting symbol font `symbols' in version `normal'
(Font)                  OMS/cmsy/m/n --> OMS/lmsy/m/n on input line 24.
LaTeX Font Info:    Overwriting symbol font `largesymbols' in version `normal'
(Font)                  OMX/cmex/m/n --> OMX/lmex/m/n on input line 25.
LaTeX Font Info:    Overwriting symbol font `operators' in version `bold'
(Font)                  OT1/cmr/bx/n --> OT1/lmr/bx/n on input line 26.
LaTeX Font Info:    Overwriting symbol font `letters' in version `bold'
(Font)                  OML/cmm/b/it --> OML/lmm/b/it on input line 27.
LaTeX Font Info:    Overwriting symbol font `symbols' in version `bold'
(Font)                  OMS/cmsy/b/n --> OMS/lmsy/b/n on input line 28.
LaTeX Font Info:    Overwriting symbol font `largesymbols' in version `bold'
(Font)                  OMX/cmex/m/n --> OMX/lmex/m/n on input line 29.
LaTeX Font Info:    Overwriting math alphabet `\mathbf' in version `normal'
(Font)                  OT1/cmr/bx/n --> OT1/lmr/bx/n on input line 31.
LaTeX Font Info:    Overwriting math alphabet `\mathsf' in version `normal'
(Font)                  OT1/cmss/m/n --> OT1/lmss/m/n on input line 32.
LaTeX Font Info:    Overwriting math alphabet `\mathit' in version `normal'
(Font)                  OT1/cmr/m/it --> OT1/lmr/m/it on input line 33.
LaTeX Font Info:    Overwriting math alphabet `\mathtt' in version `normal'
(Font)                  OT1/cmtt/m/n --> OT1/lmtt/m/n on input line 34.
LaTeX Font Info:    Overwriting math alphabet `\mathbf' in version `bold'
(Font)                  OT1/cmr/bx/n --> OT1/lmr/bx/n on input line 35.
LaTeX Font Info:    Overwriting math alphabet `\mathsf' in version `bold'
(Font)                  OT1/cmss/bx/n --> OT1/lmss/bx/n on input line 36.
LaTeX Font Info:    Overwriting math alphabet `\mathit' in version `bold'
(Font)                  OT1/cmr/bx/it --> OT1/lmr/bx/it on input line 37.
LaTeX Font Info:    Overwriting math alphabet `\mathtt' in version `bold'
(Font)                  OT1/cmtt/m/n --> OT1/lmtt/m/n on input line 38.
) (c:/Users/dlakens/AppData/Roaming/TinyTeX/texmf-dist/tex/latex/xcolor/xcolor.sty
Package: xcolor 2022/06/12 v2.14 LaTeX color extensions (UK)
(c:/Users/dlakens/AppData/Roaming/TinyTeX/texmf-dist/tex/latex/graphics-cfg/color.cfg
File: color.cfg 2016/01/02 v1.6 sample color configuration
)
Package xcolor Info: Driver file: xetex.def on input line 227.
(c:/Users/dlakens/AppData/Roaming/TinyTeX/texmf-dist/tex/latex/graphics-def/xetex.def
File: xetex.def 2022/09/22 v5.0n Graphics/color driver for xetex
) (c:/Users/dlakens/AppData/Roaming/TinyTeX/texmf-dist/tex/latex/graphics/mathcolor.ltx)
Package xcolor Info: Model `cmy' substituted by `cmy0' on input line 1353.
Package xcolor Info: Model `RGB' extended on input line 1369.
Package xcolor Info: Model `HTML' substituted by `rgb' on input line 1371.
Package xcolor Info: Model `Hsb' substituted by `hsb' on input line 1372.
Package xcolor Info: Model `tHsb' substituted by `hsb' on input line 1373.
Package xcolor Info: Model `HSB' substituted by `hsb' on input line 1374.
Package xcolor Info: Model `Gray' substituted by `gray' on input line 1375.
Package xcolor Info: Model `wave' substituted by `hsb' on input line 1376.
(c:/Users/dlakens/AppData/Roaming/TinyTeX/texmf-dist/tex/latex/graphics/dvipsnam.def
File: dvipsnam.def 2016/06/17 v3.0m Driver-dependent file (DPC,SPQR)
) (c:/Users/dlakens/AppData/Roaming/TinyTeX/texmf-dist/tex/latex/xcolor/svgnam.def
File: svgnam.def 2022/06/12 v2.14 Predefined colors according to SVG 1.1 (UK)
) (c:/Users/dlakens/AppData/Roaming/TinyTeX/texmf-dist/tex/latex/xcolor/x11nam.def
File: x11nam.def 2022/06/12 v2.14 Predefined colors according to Unix/X11 (UK)
)) (c:/Users/dlakens/AppData/Roaming/TinyTeX/texmf-dist/tex/latex/fancyvrb/fancyvrb.sty
Package: fancyvrb 2023/01/19 4.5a verbatim text (tvz,hv)
\FV@CodeLineNo=\count288
\FV@InFile=\read2
\FV@TabBox=\box56
\c@FancyVerbLine=\count289
\FV@StepNumber=\count290
\FV@OutFile=\write3
) (c:/Users/dlakens/AppData/Roaming/TinyTeX/texmf-dist/tex/latex/framed/framed.sty
Package: framed 2011/10/22 v 0.96: framed or shaded text with page breaks
\OuterFrameSep=\skip68
\fb@frw=\dimen153
\fb@frh=\dimen154
\FrameRule=\dimen155
\FrameSep=\dimen156
) (c:/Users/dlakens/AppData/Roaming/TinyTeX/texmf-dist/tex/latex/tools/longtable.sty
Package: longtable 2021-09-01 v4.17 Multi-page Table package (DPC)
\LTleft=\skip69
\LTright=\skip70
\LTpre=\skip71
\LTpost=\skip72
\LTchunksize=\count291
\LTcapwidth=\dimen157
\LT@head=\box57
\LT@firsthead=\box58
\LT@foot=\box59
\LT@lastfoot=\box60
\LT@gbox=\box61
\LT@cols=\count292
\LT@rows=\count293
\c@LT@tables=\count294
\c@LT@chunks=\count295
\LT@p@ftn=\toks23
)
Class scrreprt Info: longtable captions redefined on input line 98.
(c:/Users/dlakens/AppData/Roaming/TinyTeX/texmf-dist/tex/latex/booktabs/booktabs.sty
Package: booktabs 2020/01/12 v1.61803398 Publication quality tables
\heavyrulewidth=\dimen158
\lightrulewidth=\dimen159
\cmidrulewidth=\dimen160
\belowrulesep=\dimen161
\belowbottomsep=\dimen162
\aboverulesep=\dimen163
\abovetopsep=\dimen164
\cmidrulesep=\dimen165
\cmidrulekern=\dimen166
\defaultaddspace=\dimen167
\@cmidla=\count296
\@cmidlb=\count297
\@aboverulesep=\dimen168
\@belowrulesep=\dimen169
\@thisruleclass=\count298
\@lastruleclass=\count299
\@thisrulewidth=\dimen170
) (c:/Users/dlakens/AppData/Roaming/TinyTeX/texmf-dist/tex/latex/tools/array.sty
Package: array 2022/09/04 v2.5g Tabular extension package (FMi)
\col@sep=\dimen171
\ar@mcellbox=\box62
\extrarowheight=\dimen172
\NC@list=\toks24
\extratabsurround=\skip73
\backup@length=\skip74
\ar@cellbox=\box63
) (c:/Users/dlakens/AppData/Roaming/TinyTeX/texmf-dist/tex/latex/tools/calc.sty
Package: calc 2017/05/25 v4.3 Infix arithmetic (KKT,FJ)
\calc@Acount=\count300
\calc@Bcount=\count301
\calc@Adimen=\dimen173
\calc@Bdimen=\dimen174
\calc@Askip=\skip75
\calc@Bskip=\skip76
LaTeX Info: Redefining \setlength on input line 80.
LaTeX Info: Redefining \addtolength on input line 81.
\calc@Ccount=\count302
\calc@Cskip=\skip77
) (c:/Users/dlakens/AppData/Roaming/TinyTeX/texmf-dist/tex/latex/etoolbox/etoolbox.sty
Package: etoolbox 2020/10/05 v2.5k e-TeX tools for LaTeX (JAW)
\etb@tempcnta=\count303
) (c:/Users/dlakens/AppData/Roaming/TinyTeX/texmf-dist/tex/latex/mdwtools/footnote.sty
Package: footnote 1997/01/28 1.13 Save footnotes around boxes
\fn@notes=\box64
\fn@width=\dimen175
) (c:/Users/dlakens/AppData/Roaming/TinyTeX/texmf-dist/tex/latex/graphics/graphicx.sty
Package: graphicx 2021/09/16 v1.2d Enhanced LaTeX Graphics (DPC,SPQR)
(c:/Users/dlakens/AppData/Roaming/TinyTeX/texmf-dist/tex/latex/graphics/graphics.sty
Package: graphics 2022/03/10 v1.4e Standard LaTeX Graphics (DPC,SPQR)
(c:/Users/dlakens/AppData/Roaming/TinyTeX/texmf-dist/tex/latex/graphics/trig.sty
Package: trig 2021/08/11 v1.11 sin cos tan (DPC)
) (c:/Users/dlakens/AppData/Roaming/TinyTeX/texmf-dist/tex/latex/graphics-cfg/graphics.cfg
File: graphics.cfg 2016/06/04 v1.11 sample graphics configuration
)
Package graphics Info: Driver file: xetex.def on input line 107.
)
\Gin@req@height=\dimen176
\Gin@req@width=\dimen177
)
\cslhangindent=\skip78
\csllabelwidth=\skip79
\cslentryspacingunit=\skip80
(c:/Users/dlakens/AppData/Roaming/TinyTeX/texmf-dist/tex/latex/multirow/multirow.sty
Package: multirow 2021/03/15 v2.8 Span multiple rows of a table
\multirow@colwidth=\skip81
\multirow@cntb=\count304
\multirow@dima=\skip82
\bigstrutjot=\dimen178
) (c:/Users/dlakens/AppData/Roaming/TinyTeX/texmf-dist/tex/latex/wrapfig/wrapfig.sty
\wrapoverhang=\dimen179
\WF@size=\dimen180
\c@WF@wrappedlines=\count305
\WF@box=\box65
\WF@everypar=\toks25
Package: wrapfig 2003/01/31  v 3.6
) (c:/Users/dlakens/AppData/Roaming/TinyTeX/texmf-dist/tex/latex/float/float.sty
Package: float 2001/11/08 v1.3d Float enhancements (AL)
\c@float@type=\count306
\float@exts=\toks26
\float@box=\box66
\@float@everytoks=\toks27
\@floatcapt=\box67
) (c:/Users/dlakens/AppData/Roaming/TinyTeX/texmf-dist/tex/latex/colortbl/colortbl.sty
Package: colortbl 2022/06/20 v1.0f Color table columns (DPC)
\everycr=\toks28
\minrowclearance=\skip83
\rownum=\count307
) (c:/Users/dlakens/AppData/Roaming/TinyTeX/texmf-dist/tex/latex/pdflscape/pdflscape.sty
Package: pdflscape 2022-10-27 v0.13 Display of landscape pages in PDF
(c:/Users/dlakens/AppData/Roaming/TinyTeX/texmf-dist/tex/latex/pdflscape/pdflscape-nometadata.sty
Package: pdflscape-nometadata 2022-10-28 v0.13 Display of landscape pages in PDF (HO)
(c:/Users/dlakens/AppData/Roaming/TinyTeX/texmf-dist/tex/latex/graphics/lscape.sty
Package: lscape 2020/05/28 v3.02 Landscape Pages (DPC)
)
Package pdflscape Info: Auto-detected driver: dvipdfm (xetex) on input line 98.
)) (c:/Users/dlakens/AppData/Roaming/TinyTeX/texmf-dist/tex/latex/tabu/tabu.sty
Package: tabu 2019/01/11 v2.9 - flexible LaTeX tabulars (FC+tabu-fixed)
(c:/Users/dlakens/AppData/Roaming/TinyTeX/texmf-dist/tex/latex/varwidth/varwidth.sty
Package: varwidth 2009/03/30 ver 0.92;  Variable-width minipages
\@vwid@box=\box68
\sift@deathcycles=\count308
\@vwid@loff=\dimen181
\@vwid@roff=\dimen182
)
\c@taburow=\count309
\tabu@nbcols=\count310
\tabu@cnt=\count311
\tabu@Xcol=\count312
\tabu@alloc=\count313
\tabu@nested=\count314
\tabu@target=\dimen183
\tabu@spreadtarget=\dimen184
\tabu@naturalX=\dimen185
\tabucolX=\dimen186
\tabu@Xsum=\dimen187
\extrarowdepth=\dimen188
\abovetabulinesep=\dimen189
\belowtabulinesep=\dimen190
\tabustrutrule=\dimen191
\tabu@thebody=\toks29
\tabu@footnotes=\toks30
\tabu@box=\box69
\tabu@arstrutbox=\box70
\tabu@hleads=\box71
\tabu@vleads=\box72
\tabu@cellskip=\skip84
) (c:/Users/dlakens/AppData/Roaming/TinyTeX/texmf-dist/tex/latex/threeparttable/threeparttable.sty
Package: threeparttable 2003/06/13  v 3.0
\@tempboxb=\box73
) (c:/Users/dlakens/AppData/Roaming/TinyTeX/texmf-dist/tex/latex/threeparttablex/threeparttablex.sty
Package: threeparttablex 2013/07/23 v0.3 by daleif
(c:/Users/dlakens/AppData/Roaming/TinyTeX/texmf-dist/tex/latex/environ/environ.sty
Package: environ 2014/05/04 v0.3 A new way to define environments
(c:/Users/dlakens/AppData/Roaming/TinyTeX/texmf-dist/tex/latex/trimspaces/trimspaces.sty
Package: trimspaces 2009/09/17 v1.1 Trim spaces around a token list
))
\TPTL@width=\skip85
) (c:/Users/dlakens/AppData/Roaming/TinyTeX/texmf-dist/tex/generic/ulem/ulem.sty
\UL@box=\box74
\UL@hyphenbox=\box75
\UL@skip=\skip86
\UL@hook=\toks31
\UL@height=\dimen192
\UL@pe=\count315
\UL@pixel=\dimen193
\ULC@box=\box76
Package: ulem 2019/11/18
\ULdepth=\dimen194
) (c:/Users/dlakens/AppData/Roaming/TinyTeX/texmf-dist/tex/latex/makecell/makecell.sty
Package: makecell 2009/08/03 V0.1e Managing of Tab Column Heads and Cells
\rotheadsize=\dimen195
\c@nlinenum=\count316
\TeXr@lab=\toks32
) (c:/Users/dlakens/AppData/Roaming/TinyTeX/texmf-dist/tex/latex/bookmark/bookmark.sty
Package: bookmark 2020-11-06 v1.29 PDF bookmarks (HO)
(c:/Users/dlakens/AppData/Roaming/TinyTeX/texmf-dist/tex/latex/hyperref/hyperref.sty
Package: hyperref 2023-10-21 v7.01c Hypertext links for LaTeX
(c:/Users/dlakens/AppData/Roaming/TinyTeX/texmf-dist/tex/generic/ltxcmds/ltxcmds.sty
Package: ltxcmds 2020-05-10 v1.25 LaTeX kernel commands for general use (HO)
) (c:/Users/dlakens/AppData/Roaming/TinyTeX/texmf-dist/tex/generic/pdftexcmds/pdftexcmds.sty
Package: pdftexcmds 2020-06-27 v0.33 Utility functions of pdfTeX for LuaTeX (HO)
(c:/Users/dlakens/AppData/Roaming/TinyTeX/texmf-dist/tex/generic/infwarerr/infwarerr.sty
Package: infwarerr 2019/12/03 v1.5 Providing info/warning/error messages (HO)
)
Package pdftexcmds Info: \pdf@primitive is available.
Package pdftexcmds Info: \pdf@ifprimitive is available.
Package pdftexcmds Info: \pdfdraftmode not found.
) (c:/Users/dlakens/AppData/Roaming/TinyTeX/texmf-dist/tex/latex/kvsetkeys/kvsetkeys.sty
Package: kvsetkeys 2022-10-05 v1.19 Key value parser (HO)
) (c:/Users/dlakens/AppData/Roaming/TinyTeX/texmf-dist/tex/generic/kvdefinekeys/kvdefinekeys.sty
Package: kvdefinekeys 2019-12-19 v1.6 Define keys (HO)
) (c:/Users/dlakens/AppData/Roaming/TinyTeX/texmf-dist/tex/generic/pdfescape/pdfescape.sty
Package: pdfescape 2019/12/09 v1.15 Implements pdfTeX's escape features (HO)
) (c:/Users/dlakens/AppData/Roaming/TinyTeX/texmf-dist/tex/latex/hycolor/hycolor.sty
Package: hycolor 2020-01-27 v1.10 Color options for hyperref/bookmark (HO)
) (c:/Users/dlakens/AppData/Roaming/TinyTeX/texmf-dist/tex/latex/letltxmacro/letltxmacro.sty
Package: letltxmacro 2019/12/03 v1.6 Let assignment for LaTeX macros (HO)
) (c:/Users/dlakens/AppData/Roaming/TinyTeX/texmf-dist/tex/latex/auxhook/auxhook.sty
Package: auxhook 2019-12-17 v1.6 Hooks for auxiliary files (HO)
) (c:/Users/dlakens/AppData/Roaming/TinyTeX/texmf-dist/tex/latex/hyperref/nameref.sty
Package: nameref 2023-10-05 v2.54 Cross-referencing by name of section
(c:/Users/dlakens/AppData/Roaming/TinyTeX/texmf-dist/tex/latex/refcount/refcount.sty
Package: refcount 2019/12/15 v3.6 Data extraction from label references (HO)
) (c:/Users/dlakens/AppData/Roaming/TinyTeX/texmf-dist/tex/generic/gettitlestring/gettitlestring.sty
Package: gettitlestring 2019/12/15 v1.6 Cleanup title references (HO)
(c:/Users/dlakens/AppData/Roaming/TinyTeX/texmf-dist/tex/latex/kvoptions/kvoptions.sty
Package: kvoptions 2022-06-15 v3.15 Key value format for package options (HO)
))
\c@section@level=\count317
)
\@linkdim=\dimen196
\Hy@linkcounter=\count318
\Hy@pagecounter=\count319
(c:/Users/dlakens/AppData/Roaming/TinyTeX/texmf-dist/tex/latex/hyperref/pd1enc.def
File: pd1enc.def 2023-10-21 v7.01c Hyperref: PDFDocEncoding definition (HO)
) (c:/Users/dlakens/AppData/Roaming/TinyTeX/texmf-dist/tex/generic/intcalc/intcalc.sty
Package: intcalc 2019/12/15 v1.3 Expandable calculations with integers (HO)
)
\Hy@SavedSpaceFactor=\count320
(c:/Users/dlakens/AppData/Roaming/TinyTeX/texmf-dist/tex/latex/hyperref/puenc.def
File: puenc.def 2023-10-21 v7.01c Hyperref: PDF Unicode definition (HO)
)
Package hyperref Info: Option `unicode' set `true' on input line 4051.
Package hyperref Info: Hyper figures OFF on input line 4168.
Package hyperref Info: Link nesting OFF on input line 4173.
Package hyperref Info: Hyper index ON on input line 4176.
Package hyperref Info: Plain pages OFF on input line 4183.
Package hyperref Info: Backreferencing OFF on input line 4188.
Package hyperref Info: Implicit mode ON; LaTeX internals redefined.
Package hyperref Info: Bookmarks ON on input line 4435.
\c@Hy@tempcnt=\count321
(c:/Users/dlakens/AppData/Roaming/TinyTeX/texmf-dist/tex/latex/url/url.sty
\Urlmuskip=\muskip18
Package: url 2013/09/16  ver 3.4  Verb mode for urls, etc.
)
LaTeX Info: Redefining \url on input line 4773.
\XeTeXLinkMargin=\dimen197
(c:/Users/dlakens/AppData/Roaming/TinyTeX/texmf-dist/tex/generic/bitset/bitset.sty
Package: bitset 2019/12/09 v1.3 Handle bit-vector datatype (HO)
(c:/Users/dlakens/AppData/Roaming/TinyTeX/texmf-dist/tex/generic/bigintcalc/bigintcalc.sty
Package: bigintcalc 2019/12/15 v1.5 Expandable calculations on big integers (HO)
))
\Fld@menulength=\count322
\Field@Width=\dimen198
\Fld@charsize=\dimen199
Package hyperref Info: Hyper figures OFF on input line 6052.
Package hyperref Info: Link nesting OFF on input line 6057.
Package hyperref Info: Hyper index ON on input line 6060.
Package hyperref Info: backreferencing OFF on input line 6067.
Package hyperref Info: Link coloring OFF on input line 6072.
Package hyperref Info: Link coloring with OCG OFF on input line 6077.
Package hyperref Info: PDF/A mode OFF on input line 6082.
(c:/Users/dlakens/AppData/Roaming/TinyTeX/texmf-dist/tex/latex/base/atbegshi-ltx.sty
Package: atbegshi-ltx 2021/01/10 v1.0c Emulation of the original atbegshi
package with kernel methods
)
\Hy@abspage=\count323
\c@Item=\count324
\c@Hfootnote=\count325
)
Package hyperref Info: Driver (autodetected): hxetex.
(c:/Users/dlakens/AppData/Roaming/TinyTeX/texmf-dist/tex/latex/hyperref/hxetex.def
File: hxetex.def 2023-10-21 v7.01c Hyperref driver for XeTeX
(c:/Users/dlakens/AppData/Roaming/TinyTeX/texmf-dist/tex/generic/stringenc/stringenc.sty
Package: stringenc 2019/11/29 v1.12 Convert strings between diff. encodings (HO)
)
\pdfm@box=\box77
\c@Hy@AnnotLevel=\count326
\HyField@AnnotCount=\count327
\Fld@listcount=\count328
\c@bookmark@seq@number=\count329
(c:/Users/dlakens/AppData/Roaming/TinyTeX/texmf-dist/tex/latex/rerunfilecheck/rerunfilecheck.sty
Package: rerunfilecheck 2022-07-10 v1.10 Rerun checks for auxiliary files (HO)
(c:/Users/dlakens/AppData/Roaming/TinyTeX/texmf-dist/tex/latex/base/atveryend-ltx.sty
Package: atveryend-ltx 2020/08/19 v1.0a Emulation of the original atveryend package
with kernel methods
) (c:/Users/dlakens/AppData/Roaming/TinyTeX/texmf-dist/tex/generic/uniquecounter/uniquecounter.sty
Package: uniquecounter 2019/12/15 v1.4 Provide unlimited unique counter (HO)
)
Package uniquecounter Info: New unique counter `rerunfilecheck' on input line 285.
)
\Hy@SectionHShift=\skip87
) (c:/Users/dlakens/AppData/Roaming/TinyTeX/texmf-dist/tex/latex/bookmark/bkm-dvipdfm.def
File: bkm-dvipdfm.def 2020-11-06 v1.29 bookmark driver for dvipdfm (HO)
\BKM@id=\count330
)) (c:/Users/dlakens/AppData/Roaming/TinyTeX/texmf-dist/tex/latex/caption/caption.sty
Package: caption 2023/08/05 v3.6o Customizing captions (AR)
(c:/Users/dlakens/AppData/Roaming/TinyTeX/texmf-dist/tex/latex/caption/caption3.sty
Package: caption3 2023/07/31 v2.4d caption3 kernel (AR)
\caption@tempdima=\dimen256
\captionmargin=\dimen257
\caption@leftmargin=\dimen258
\caption@rightmargin=\dimen259
\caption@width=\dimen260
\caption@indent=\dimen261
\caption@parindent=\dimen262
\caption@hangindent=\dimen263
Package caption Info: KOMA-Script document class detected.
(c:/Users/dlakens/AppData/Roaming/TinyTeX/texmf-dist/tex/latex/caption/caption-koma.sto
File: caption-koma.sto 2023/09/08 v2.0e Adaption of the caption package to the KOMA-Script document classes (AR)
))
\c@caption@flags=\count331
\c@continuedfloat=\count332
Package caption Info: float package is loaded.
Package caption Info: hyperref package is loaded.
Package caption Info: longtable package is loaded.
(c:/Users/dlakens/AppData/Roaming/TinyTeX/texmf-dist/tex/latex/caption/ltcaption.sty
Package: ltcaption 2021/01/08 v1.4c longtable captions (AR)
)
Package caption Info: KOMA-Script scrextend package detected.
\caption@addmargin@hsize=\dimen264
\caption@addmargin@linewidth=\dimen265
Package caption Info: threeparttable package is loaded.
Package caption Info: wrapfig package is loaded.
)
\@float@every@codelisting=\toks33
\c@codelisting=\count333
(c:/Users/dlakens/AppData/Roaming/TinyTeX/texmf-dist/tex/latex/caption/subcaption.sty
Package: subcaption 2023/07/28 v1.6b Sub-captions (AR)
Package caption Info: New subtype `subfigure' on input line 238.
\c@subfigure=\count334
Package caption Info: New subtype `subtable' on input line 238.
\c@subtable=\count335
) (c:/Users/dlakens/AppData/Roaming/TinyTeX/texmf-dist/tex/latex/tcolorbox/tcolorbox.sty
Package: tcolorbox 2023/09/26 version 6.1.0 text color boxes
(c:/Users/dlakens/AppData/Roaming/TinyTeX/texmf-dist/tex/latex/pgf/basiclayer/pgf.sty (c:/Users/dlakens/AppData/Roaming/TinyTeX/texmf-dist/tex/latex/pgf/utilities/pgfrcs.sty (c:/Users/dlakens/AppData/Roaming/TinyTeX/texmf-dist/tex/generic/pgf/utilities/pgfutil-common.tex
\pgfutil@everybye=\toks34
\pgfutil@tempdima=\dimen266
\pgfutil@tempdimb=\dimen267
) (c:/Users/dlakens/AppData/Roaming/TinyTeX/texmf-dist/tex/generic/pgf/utilities/pgfutil-latex.def
\pgfutil@abb=\box78
) (c:/Users/dlakens/AppData/Roaming/TinyTeX/texmf-dist/tex/generic/pgf/utilities/pgfrcs.code.tex (c:/Users/dlakens/AppData/Roaming/TinyTeX/texmf-dist/tex/generic/pgf/pgf.revision.tex)
Package: pgfrcs 2023-01-15 v3.1.10 (3.1.10)
))
Package: pgf 2023-01-15 v3.1.10 (3.1.10)
(c:/Users/dlakens/AppData/Roaming/TinyTeX/texmf-dist/tex/latex/pgf/basiclayer/pgfcore.sty (c:/Users/dlakens/AppData/Roaming/TinyTeX/texmf-dist/tex/latex/pgf/systemlayer/pgfsys.sty (c:/Users/dlakens/AppData/Roaming/TinyTeX/texmf-dist/tex/generic/pgf/systemlayer/pgfsys.code.tex
Package: pgfsys 2023-01-15 v3.1.10 (3.1.10)
(c:/Users/dlakens/AppData/Roaming/TinyTeX/texmf-dist/tex/generic/pgf/utilities/pgfkeys.code.tex
\pgfkeys@pathtoks=\toks35
\pgfkeys@temptoks=\toks36
(c:/Users/dlakens/AppData/Roaming/TinyTeX/texmf-dist/tex/generic/pgf/utilities/pgfkeyslibraryfiltered.code.tex
\pgfkeys@tmptoks=\toks37
))
\pgf@x=\dimen268
\pgf@y=\dimen269
\pgf@xa=\dimen270
\pgf@ya=\dimen271
\pgf@xb=\dimen272
\pgf@yb=\dimen273
\pgf@xc=\dimen274
\pgf@yc=\dimen275
\pgf@xd=\dimen276
\pgf@yd=\dimen277
\w@pgf@writea=\write4
\r@pgf@reada=\read3
\c@pgf@counta=\count336
\c@pgf@countb=\count337
\c@pgf@countc=\count338
\c@pgf@countd=\count339
\t@pgf@toka=\toks38
\t@pgf@tokb=\toks39
\t@pgf@tokc=\toks40
\pgf@sys@id@count=\count340
(c:/Users/dlakens/AppData/Roaming/TinyTeX/texmf-dist/tex/generic/pgf/systemlayer/pgf.cfg
File: pgf.cfg 2023-01-15 v3.1.10 (3.1.10)
)
Driver file for pgf: pgfsys-xetex.def
(c:/Users/dlakens/AppData/Roaming/TinyTeX/texmf-dist/tex/generic/pgf/systemlayer/pgfsys-xetex.def
File: pgfsys-xetex.def 2023-01-15 v3.1.10 (3.1.10)
(c:/Users/dlakens/AppData/Roaming/TinyTeX/texmf-dist/tex/generic/pgf/systemlayer/pgfsys-dvipdfmx.def
File: pgfsys-dvipdfmx.def 2023-01-15 v3.1.10 (3.1.10)
(c:/Users/dlakens/AppData/Roaming/TinyTeX/texmf-dist/tex/generic/pgf/systemlayer/pgfsys-common-pdf.def
File: pgfsys-common-pdf.def 2023-01-15 v3.1.10 (3.1.10)
)
\pgfsys@objnum=\count341
))) (c:/Users/dlakens/AppData/Roaming/TinyTeX/texmf-dist/tex/generic/pgf/systemlayer/pgfsyssoftpath.code.tex
File: pgfsyssoftpath.code.tex 2023-01-15 v3.1.10 (3.1.10)
\pgfsyssoftpath@smallbuffer@items=\count342
\pgfsyssoftpath@bigbuffer@items=\count343
) (c:/Users/dlakens/AppData/Roaming/TinyTeX/texmf-dist/tex/generic/pgf/systemlayer/pgfsysprotocol.code.tex
File: pgfsysprotocol.code.tex 2023-01-15 v3.1.10 (3.1.10)
)) (c:/Users/dlakens/AppData/Roaming/TinyTeX/texmf-dist/tex/generic/pgf/basiclayer/pgfcore.code.tex
Package: pgfcore 2023-01-15 v3.1.10 (3.1.10)
(c:/Users/dlakens/AppData/Roaming/TinyTeX/texmf-dist/tex/generic/pgf/math/pgfmath.code.tex (c:/Users/dlakens/AppData/Roaming/TinyTeX/texmf-dist/tex/generic/pgf/math/pgfmathutil.code.tex) (c:/Users/dlakens/AppData/Roaming/TinyTeX/texmf-dist/tex/generic/pgf/math/pgfmathparser.code.tex
\pgfmath@dimen=\dimen278
\pgfmath@count=\count344
\pgfmath@box=\box79
\pgfmath@toks=\toks41
\pgfmath@stack@operand=\toks42
\pgfmath@stack@operation=\toks43
) (c:/Users/dlakens/AppData/Roaming/TinyTeX/texmf-dist/tex/generic/pgf/math/pgfmathfunctions.code.tex) (c:/Users/dlakens/AppData/Roaming/TinyTeX/texmf-dist/tex/generic/pgf/math/pgfmathfunctions.basic.code.tex) (c:/Users/dlakens/AppData/Roaming/TinyTeX/texmf-dist/tex/generic/pgf/math/pgfmathfunctions.trigonometric.code.tex) (c:/Users/dlakens/AppData/Roaming/TinyTeX/texmf-dist/tex/generic/pgf/math/pgfmathfunctions.random.code.tex) (c:/Users/dlakens/AppData/Roaming/TinyTeX/texmf-dist/tex/generic/pgf/math/pgfmathfunctions.comparison.code.tex) (c:/Users/dlakens/AppData/Roaming/TinyTeX/texmf-dist/tex/generic/pgf/math/pgfmathfunctions.base.code.tex) (c:/Users/dlakens/AppData/Roaming/TinyTeX/texmf-dist/tex/generic/pgf/math/pgfmathfunctions.round.code.tex) (c:/Users/dlakens/AppData/Roaming/TinyTeX/texmf-dist/tex/generic/pgf/math/pgfmathfunctions.misc.code.tex) (c:/Users/dlakens/AppData/Roaming/TinyTeX/texmf-dist/tex/generic/pgf/math/pgfmathfunctions.integerarithmetics.code.tex) (c:/Users/dlakens/AppData/Roaming/TinyTeX/texmf-dist/tex/generic/pgf/math/pgfmathcalc.code.tex) (c:/Users/dlakens/AppData/Roaming/TinyTeX/texmf-dist/tex/generic/pgf/math/pgfmathfloat.code.tex
\c@pgfmathroundto@lastzeros=\count345
)) (c:/Users/dlakens/AppData/Roaming/TinyTeX/texmf-dist/tex/generic/pgf/math/pgfint.code.tex) (c:/Users/dlakens/AppData/Roaming/TinyTeX/texmf-dist/tex/generic/pgf/basiclayer/pgfcorepoints.code.tex
File: pgfcorepoints.code.tex 2023-01-15 v3.1.10 (3.1.10)
\pgf@picminx=\dimen279
\pgf@picmaxx=\dimen280
\pgf@picminy=\dimen281
\pgf@picmaxy=\dimen282
\pgf@pathminx=\dimen283
\pgf@pathmaxx=\dimen284
\pgf@pathminy=\dimen285
\pgf@pathmaxy=\dimen286
\pgf@xx=\dimen287
\pgf@xy=\dimen288
\pgf@yx=\dimen289
\pgf@yy=\dimen290
\pgf@zx=\dimen291
\pgf@zy=\dimen292
) (c:/Users/dlakens/AppData/Roaming/TinyTeX/texmf-dist/tex/generic/pgf/basiclayer/pgfcorepathconstruct.code.tex
File: pgfcorepathconstruct.code.tex 2023-01-15 v3.1.10 (3.1.10)
\pgf@path@lastx=\dimen293
\pgf@path@lasty=\dimen294
) (c:/Users/dlakens/AppData/Roaming/TinyTeX/texmf-dist/tex/generic/pgf/basiclayer/pgfcorepathusage.code.tex
File: pgfcorepathusage.code.tex 2023-01-15 v3.1.10 (3.1.10)
\pgf@shorten@end@additional=\dimen295
\pgf@shorten@start@additional=\dimen296
) (c:/Users/dlakens/AppData/Roaming/TinyTeX/texmf-dist/tex/generic/pgf/basiclayer/pgfcorescopes.code.tex
File: pgfcorescopes.code.tex 2023-01-15 v3.1.10 (3.1.10)
\pgfpic=\box80
\pgf@hbox=\box81
\pgf@layerbox@main=\box82
\pgf@picture@serial@count=\count346
) (c:/Users/dlakens/AppData/Roaming/TinyTeX/texmf-dist/tex/generic/pgf/basiclayer/pgfcoregraphicstate.code.tex
File: pgfcoregraphicstate.code.tex 2023-01-15 v3.1.10 (3.1.10)
\pgflinewidth=\dimen297
) (c:/Users/dlakens/AppData/Roaming/TinyTeX/texmf-dist/tex/generic/pgf/basiclayer/pgfcoretransformations.code.tex
File: pgfcoretransformations.code.tex 2023-01-15 v3.1.10 (3.1.10)
\pgf@pt@x=\dimen298
\pgf@pt@y=\dimen299
\pgf@pt@temp=\dimen300
) (c:/Users/dlakens/AppData/Roaming/TinyTeX/texmf-dist/tex/generic/pgf/basiclayer/pgfcorequick.code.tex
File: pgfcorequick.code.tex 2023-01-15 v3.1.10 (3.1.10)
) (c:/Users/dlakens/AppData/Roaming/TinyTeX/texmf-dist/tex/generic/pgf/basiclayer/pgfcoreobjects.code.tex
File: pgfcoreobjects.code.tex 2023-01-15 v3.1.10 (3.1.10)
) (c:/Users/dlakens/AppData/Roaming/TinyTeX/texmf-dist/tex/generic/pgf/basiclayer/pgfcorepathprocessing.code.tex
File: pgfcorepathprocessing.code.tex 2023-01-15 v3.1.10 (3.1.10)
) (c:/Users/dlakens/AppData/Roaming/TinyTeX/texmf-dist/tex/generic/pgf/basiclayer/pgfcorearrows.code.tex
File: pgfcorearrows.code.tex 2023-01-15 v3.1.10 (3.1.10)
\pgfarrowsep=\dimen301
) (c:/Users/dlakens/AppData/Roaming/TinyTeX/texmf-dist/tex/generic/pgf/basiclayer/pgfcoreshade.code.tex
File: pgfcoreshade.code.tex 2023-01-15 v3.1.10 (3.1.10)
\pgf@max=\dimen302
\pgf@sys@shading@range@num=\count347
\pgf@shadingcount=\count348
) (c:/Users/dlakens/AppData/Roaming/TinyTeX/texmf-dist/tex/generic/pgf/basiclayer/pgfcoreimage.code.tex
File: pgfcoreimage.code.tex 2023-01-15 v3.1.10 (3.1.10)
) (c:/Users/dlakens/AppData/Roaming/TinyTeX/texmf-dist/tex/generic/pgf/basiclayer/pgfcoreexternal.code.tex
File: pgfcoreexternal.code.tex 2023-01-15 v3.1.10 (3.1.10)
\pgfexternal@startupbox=\box83
) (c:/Users/dlakens/AppData/Roaming/TinyTeX/texmf-dist/tex/generic/pgf/basiclayer/pgfcorelayers.code.tex
File: pgfcorelayers.code.tex 2023-01-15 v3.1.10 (3.1.10)
) (c:/Users/dlakens/AppData/Roaming/TinyTeX/texmf-dist/tex/generic/pgf/basiclayer/pgfcoretransparency.code.tex
File: pgfcoretransparency.code.tex 2023-01-15 v3.1.10 (3.1.10)
) (c:/Users/dlakens/AppData/Roaming/TinyTeX/texmf-dist/tex/generic/pgf/basiclayer/pgfcorepatterns.code.tex
File: pgfcorepatterns.code.tex 2023-01-15 v3.1.10 (3.1.10)
) (c:/Users/dlakens/AppData/Roaming/TinyTeX/texmf-dist/tex/generic/pgf/basiclayer/pgfcorerdf.code.tex
File: pgfcorerdf.code.tex 2023-01-15 v3.1.10 (3.1.10)
))) (c:/Users/dlakens/AppData/Roaming/TinyTeX/texmf-dist/tex/generic/pgf/modules/pgfmoduleshapes.code.tex
File: pgfmoduleshapes.code.tex 2023-01-15 v3.1.10 (3.1.10)
\pgfnodeparttextbox=\box84
) (c:/Users/dlakens/AppData/Roaming/TinyTeX/texmf-dist/tex/generic/pgf/modules/pgfmoduleplot.code.tex
File: pgfmoduleplot.code.tex 2023-01-15 v3.1.10 (3.1.10)
) (c:/Users/dlakens/AppData/Roaming/TinyTeX/texmf-dist/tex/latex/pgf/compatibility/pgfcomp-version-0-65.sty
Package: pgfcomp-version-0-65 2023-01-15 v3.1.10 (3.1.10)
\pgf@nodesepstart=\dimen303
\pgf@nodesepend=\dimen304
) (c:/Users/dlakens/AppData/Roaming/TinyTeX/texmf-dist/tex/latex/pgf/compatibility/pgfcomp-version-1-18.sty
Package: pgfcomp-version-1-18 2023-01-15 v3.1.10 (3.1.10)
)) (c:/Users/dlakens/AppData/Roaming/TinyTeX/texmf-dist/tex/latex/tools/verbatim.sty
Package: verbatim 2022-07-02 v1.5u LaTeX2e package for verbatim enhancements
\every@verbatim=\toks44
\verbatim@line=\toks45
\verbatim@in@stream=\read4
)
\tcb@titlebox=\box85
\tcb@upperbox=\box86
\tcb@lowerbox=\box87
\tcb@phantombox=\box88
\c@tcbbreakpart=\count349
\c@tcblayer=\count350
\c@tcolorbox@number=\count351
\tcb@temp=\box89
\tcb@temp=\box90
\tcb@temp=\box91
\tcb@temp=\box92
(c:/Users/dlakens/AppData/Roaming/TinyTeX/texmf-dist/tex/latex/tcolorbox/tcbskins.code.tex
Library (tcolorbox): 'tcbskins.code.tex' version '6.1.0'
(c:/Users/dlakens/AppData/Roaming/TinyTeX/texmf-dist/tex/latex/pgf/frontendlayer/tikz.sty (c:/Users/dlakens/AppData/Roaming/TinyTeX/texmf-dist/tex/latex/pgf/utilities/pgffor.sty (c:/Users/dlakens/AppData/Roaming/TinyTeX/texmf-dist/tex/latex/pgf/utilities/pgfkeys.sty (c:/Users/dlakens/AppData/Roaming/TinyTeX/texmf-dist/tex/generic/pgf/utilities/pgfkeys.code.tex)) (c:/Users/dlakens/AppData/Roaming/TinyTeX/texmf-dist/tex/latex/pgf/math/pgfmath.sty (c:/Users/dlakens/AppData/Roaming/TinyTeX/texmf-dist/tex/generic/pgf/math/pgfmath.code.tex)) (c:/Users/dlakens/AppData/Roaming/TinyTeX/texmf-dist/tex/generic/pgf/utilities/pgffor.code.tex
Package: pgffor 2023-01-15 v3.1.10 (3.1.10)
\pgffor@iter=\dimen305
\pgffor@skip=\dimen306
\pgffor@stack=\toks46
\pgffor@toks=\toks47
)) (c:/Users/dlakens/AppData/Roaming/TinyTeX/texmf-dist/tex/generic/pgf/frontendlayer/tikz/tikz.code.tex
Package: tikz 2023-01-15 v3.1.10 (3.1.10)
(c:/Users/dlakens/AppData/Roaming/TinyTeX/texmf-dist/tex/generic/pgf/libraries/pgflibraryplothandlers.code.tex
File: pgflibraryplothandlers.code.tex 2023-01-15 v3.1.10 (3.1.10)
\pgf@plot@mark@count=\count352
\pgfplotmarksize=\dimen307
)
\tikz@lastx=\dimen308
\tikz@lasty=\dimen309
\tikz@lastxsaved=\dimen310
\tikz@lastysaved=\dimen311
\tikz@lastmovetox=\dimen312
\tikz@lastmovetoy=\dimen313
\tikzleveldistance=\dimen314
\tikzsiblingdistance=\dimen315
\tikz@figbox=\box93
\tikz@figbox@bg=\box94
\tikz@tempbox=\box95
\tikz@tempbox@bg=\box96
\tikztreelevel=\count353
\tikznumberofchildren=\count354
\tikznumberofcurrentchild=\count355
\tikz@fig@count=\count356
(c:/Users/dlakens/AppData/Roaming/TinyTeX/texmf-dist/tex/generic/pgf/modules/pgfmodulematrix.code.tex
File: pgfmodulematrix.code.tex 2023-01-15 v3.1.10 (3.1.10)
\pgfmatrixcurrentrow=\count357
\pgfmatrixcurrentcolumn=\count358
\pgf@matrix@numberofcolumns=\count359
)
\tikz@expandcount=\count360
(c:/Users/dlakens/AppData/Roaming/TinyTeX/texmf-dist/tex/generic/pgf/frontendlayer/tikz/libraries/tikzlibrarytopaths.code.tex
File: tikzlibrarytopaths.code.tex 2023-01-15 v3.1.10 (3.1.10)
))) (c:/Users/dlakens/AppData/Roaming/TinyTeX/texmf-dist/tex/latex/tikzfill/tikzfill.image.sty
Package: tikzfill.image 2023/08/08 v1.0.1 Image filling library for TikZ
(c:/Users/dlakens/AppData/Roaming/TinyTeX/texmf-dist/tex/latex/tikzfill/tikzfill-common.sty
Package: tikzfill-common 2023/08/08 v1.0.1 Auxiliary code for tikzfill
) (c:/Users/dlakens/AppData/Roaming/TinyTeX/texmf-dist/tex/latex/tikzfill/tikzlibraryfill.image.code.tex
File: tikzlibraryfill.image.code.tex 2023/08/08 v1.0.1 Image filling library
\l__tikzfill_img_box=\box97
)) (c:/Users/dlakens/AppData/Roaming/TinyTeX/texmf-dist/tex/latex/tcolorbox/tcbskinsjigsaw.code.tex
Library (tcolorbox): 'tcbskinsjigsaw.code.tex' version '6.1.0'
)) (c:/Users/dlakens/AppData/Roaming/TinyTeX/texmf-dist/tex/latex/tcolorbox/tcbbreakable.code.tex
Library (tcolorbox): 'tcbbreakable.code.tex' version '6.1.0'
(c:/Users/dlakens/AppData/Roaming/TinyTeX/texmf-dist/tex/latex/pdfcol/pdfcol.sty
Package: pdfcol 2022-09-21 v1.7 Handle new color stacks for pdfTeX (HO)
Package pdfcol Info: Interface disabled because of missing PDF mode of pdfTeX.
)
Package pdfcol Info: pdfTeX's color stacks are not available.
\tcb@testbox=\box98
\tcb@totalupperbox=\box99
\tcb@totallowerbox=\box100
))
Package hyperref Info: Option `colorlinks' set `true' on input line 227.
No file index.aux.
\openout1 = `index.aux'.

LaTeX Font Info:    Checking defaults for OML/cmm/m/it on input line 240.
LaTeX Font Info:    ... okay on input line 240.
LaTeX Font Info:    Checking defaults for OMS/cmsy/m/n on input line 240.
LaTeX Font Info:    ... okay on input line 240.
LaTeX Font Info:    Checking defaults for OT1/cmr/m/n on input line 240.
LaTeX Font Info:    ... okay on input line 240.
LaTeX Font Info:    Checking defaults for T1/cmr/m/n on input line 240.
LaTeX Font Info:    ... okay on input line 240.
LaTeX Font Info:    Checking defaults for TS1/cmr/m/n on input line 240.
LaTeX Font Info:    ... okay on input line 240.
LaTeX Font Info:    Checking defaults for TU/lmr/m/n on input line 240.
LaTeX Font Info:    ... okay on input line 240.
LaTeX Font Info:    Checking defaults for OMX/cmex/m/n on input line 240.
LaTeX Font Info:    ... okay on input line 240.
LaTeX Font Info:    Checking defaults for U/cmr/m/n on input line 240.
LaTeX Font Info:    ... okay on input line 240.
LaTeX Font Info:    Checking defaults for PD1/pdf/m/n on input line 240.
LaTeX Font Info:    ... okay on input line 240.
LaTeX Font Info:    Checking defaults for PU/pdf/m/n on input line 240.
LaTeX Font Info:    ... okay on input line 240.
Package scrbase Info: activating english \abstractname on input line 240.
Package scrbase Info: activating english \partname on input line 240.
Package scrbase Info: activating english \chaptername on input line 240.
Package scrbase Info: activating english \appendixname on input line 240.
Package scrbase Info: activating english \figurename on input line 240.
Package scrbase Info: activating english \tablename on input line 240.
Package scrbase Info: activating english \contentsname on input line 240.
Package scrbase Info: activating english \listfigurename on input line 240.
Package scrbase Info: activating english \listtablename on input line 240.
Package scrbase Info: activating english \bibname on input line 240.
Package scrbase Info: activating english \indexname on input line 240.
LaTeX Font Info:    Overwriting math alphabet `\mathrm' in version `normal'
(Font)                  OT1/lmr/m/n --> TU/lmr/m/n on input line 240.
LaTeX Font Info:    Overwriting math alphabet `\mathit' in version `normal'
(Font)                  OT1/lmr/m/it --> TU/lmr/m/it on input line 240.
LaTeX Font Info:    Overwriting math alphabet `\mathbf' in version `normal'
(Font)                  OT1/lmr/bx/n --> TU/lmr/bx/n on input line 240.
LaTeX Font Info:    Overwriting math alphabet `\mathsf' in version `normal'
(Font)                  OT1/lmss/m/n --> TU/lmss/m/n on input line 240.
LaTeX Font Info:    Overwriting math alphabet `\mathsf' in version `bold'
(Font)                  OT1/lmss/bx/n --> TU/lmss/bx/n on input line 240.
LaTeX Font Info:    Overwriting math alphabet `\mathtt' in version `normal'
(Font)                  OT1/lmtt/m/n --> TU/lmtt/m/n on input line 240.
LaTeX Font Info:    Overwriting math alphabet `\mathtt' in version `bold'
(Font)                  OT1/lmtt/m/n --> TU/lmtt/bx/n on input line 240.

Package fontspec Info: latinmodern-math scale = 0.9999967668407183.


Package fontspec Info: latinmodern-math scale = 0.9999967668407183.


Package fontspec Info: latinmodern-math scale = 0.9999967668407183.


Package fontspec Info: Font family 'latinmodern-math.otf(0)' created for font
(fontspec)             'latinmodern-math.otf' with options
(fontspec)             [Scale=MatchLowercase,BoldItalicFont={},ItalicFont={},SmallCapsFont={},Script=Math,BoldFont={latinmodern-math.otf}].
(fontspec)              
(fontspec)              This font family consists of the following NFSS
(fontspec)             series/shapes:
(fontspec)              
(fontspec)             - 'normal' (m/n) with NFSS spec.:
(fontspec)             <->s*[0.9999967668407183]"[latinmodern-math.otf]/OT:script=math;language=dflt;"
(fontspec)             - 'small caps'  (m/sc) with NFSS spec.: 
(fontspec)             - 'bold' (b/n) with NFSS spec.:
(fontspec)             <->s*[0.9999967668407183]"[latinmodern-math.otf]/OT:script=math;language=dflt;"
(fontspec)             - 'bold small caps'  (b/sc) with NFSS spec.: 

LaTeX Font Info:    Font shape `TU/latinmodern-math.otf(0)/m/n' will be
(Font)              scaled to size 10.95pt on input line 240.

Package fontspec Info: latinmodern-math scale = 0.9999967668407183.


Package fontspec Info: latinmodern-math scale = 0.9999967668407183.


Package fontspec Info: latinmodern-math scale = 0.9999967668407183.


Package fontspec Info: latinmodern-math scale = 0.9999967668407183.


Package fontspec Info: latinmodern-math scale = 0.9999967668407183.


Package fontspec Info: Font family 'latinmodern-math.otf(1)' created for font
(fontspec)             'latinmodern-math.otf' with options
(fontspec)             [Scale=MatchLowercase,BoldItalicFont={},ItalicFont={},SmallCapsFont={},Script=Math,SizeFeatures={{Size=9.3075-},{Size=6.57-9.3075,Font=latinmodern-math.otf,Style=MathScript},{Size=-6.57,Font=latinmodern-math.otf,Style=MathScriptScript}},BoldFont={latinmodern-math.otf}].
(fontspec)              
(fontspec)              This font family consists of the following NFSS
(fontspec)             series/shapes:
(fontspec)              
(fontspec)             - 'normal' (m/n) with NFSS spec.:
(fontspec)             <9.3075->s*[0.9999967668407183]"[latinmodern-math.otf]/OT:script=math;language=dflt;"<6.57-9.3075>s*[0.9999967668407183]"[latinmodern-math.otf]/OT:script=math;language=dflt;+ssty=0;"<-6.57>s*[0.9999967668407183]"[latinmodern-math.otf]/OT:script=math;language=dflt;+ssty=1;"
(fontspec)             - 'small caps'  (m/sc) with NFSS spec.: 
(fontspec)             - 'bold' (b/n) with NFSS spec.:
(fontspec)             <->s*[0.9999967668407183]"[latinmodern-math.otf]/OT:script=math;language=dflt;"
(fontspec)             - 'bold small caps'  (b/sc) with NFSS spec.: 

LaTeX Font Info:    Font shape `TU/latinmodern-math.otf(1)/m/n' will be
(Font)              scaled to size 10.95pt on input line 240.
LaTeX Font Info:    Encoding `OT1' has changed to `TU' for symbol font
(Font)              `operators' in the math version `normal' on input line 240.
LaTeX Font Info:    Overwriting symbol font `operators' in version `normal'
(Font)                  OT1/lmr/m/n --> TU/latinmodern-math.otf(1)/m/n on input line 240.
LaTeX Font Info:    Encoding `OT1' has changed to `TU' for symbol font
(Font)              `operators' in the math version `bold' on input line 240.
LaTeX Font Info:    Overwriting symbol font `operators' in version `bold'
(Font)                  OT1/lmr/bx/n --> TU/latinmodern-math.otf(1)/b/n on input line 240.

Package fontspec Info: latinmodern-math scale = 0.9999967668407183.


Package fontspec Info: latinmodern-math scale = 1.000096766517402.


Package fontspec Info: latinmodern-math scale = 0.9999967668407183.


Package fontspec Info: latinmodern-math scale = 1.000096766517402.


Package fontspec Info: latinmodern-math scale = 0.9999967668407183.


Package fontspec Info: latinmodern-math scale = 1.000096766517402.


Package fontspec Info: latinmodern-math scale = 0.9999967668407183.


Package fontspec Info: latinmodern-math scale = 1.000096766517402.


Package fontspec Info: latinmodern-math scale = 0.9999967668407183.


Package fontspec Info: latinmodern-math scale = 1.000096766517402.


Package fontspec Info: Font family 'latinmodern-math.otf(2)' created for font
(fontspec)             'latinmodern-math.otf' with options
(fontspec)             [Scale=MatchLowercase,BoldItalicFont={},ItalicFont={},SmallCapsFont={},Script=Math,SizeFeatures={{Size=9.3075-},{Size=6.57-9.3075,Font=latinmodern-math.otf,Style=MathScript},{Size=-6.57,Font=latinmodern-math.otf,Style=MathScriptScript}},BoldFont={latinmodern-math.otf},ScaleAgain=1.0001,FontAdjustment={\fontdimen
(fontspec)             8\font =7.41315pt\relax \fontdimen 9\font
(fontspec)             =4.3143pt\relax \fontdimen 10\font =4.8618pt\relax
(fontspec)             \fontdimen 11\font =7.5117pt\relax \fontdimen 12\font
(fontspec)             =3.77776pt\relax \fontdimen 13\font =3.97485pt\relax
(fontspec)             \fontdimen 14\font =3.97485pt\relax \fontdimen 15\font
(fontspec)             =3.16455pt\relax \fontdimen 16\font =2.70465pt\relax
(fontspec)             \fontdimen 17\font =2.70465pt\relax \fontdimen 18\font
(fontspec)             =2.7375pt\relax \fontdimen 19\font =2.19pt\relax
(fontspec)             \fontdimen 22\font =2.7375pt\relax \fontdimen 20\font
(fontspec)             =0pt\relax \fontdimen 21\font =0pt\relax }].
(fontspec)              
(fontspec)              This font family consists of the following NFSS
(fontspec)             series/shapes:
(fontspec)              
(fontspec)             - 'normal' (m/n) with NFSS spec.:
(fontspec)             <9.3075->s*[1.000096766517402]"[latinmodern-math.otf]/OT:script=math;language=dflt;"<6.57-9.3075>s*[1.000096766517402]"[latinmodern-math.otf]/OT:script=math;language=dflt;+ssty=0;"<-6.57>s*[1.000096766517402]"[latinmodern-math.otf]/OT:script=math;language=dflt;+ssty=1;"
(fontspec)             - 'small caps'  (m/sc) with NFSS spec.: 
(fontspec)             and font adjustment code:
(fontspec)             \fontdimen 8\font =7.41315pt\relax \fontdimen 9\font
(fontspec)             =4.3143pt\relax \fontdimen 10\font =4.8618pt\relax
(fontspec)             \fontdimen 11\font =7.5117pt\relax \fontdimen 12\font
(fontspec)             =3.77776pt\relax \fontdimen 13\font =3.97485pt\relax
(fontspec)             \fontdimen 14\font =3.97485pt\relax \fontdimen 15\font
(fontspec)             =3.16455pt\relax \fontdimen 16\font =2.70465pt\relax
(fontspec)             \fontdimen 17\font =2.70465pt\relax \fontdimen 18\font
(fontspec)             =2.7375pt\relax \fontdimen 19\font =2.19pt\relax
(fontspec)             \fontdimen 22\font =2.7375pt\relax \fontdimen 20\font
(fontspec)             =0pt\relax \fontdimen 21\font =0pt\relax 
(fontspec)             - 'bold' (b/n) with NFSS spec.:
(fontspec)             <->s*[1.000096766517402]"[latinmodern-math.otf]/OT:script=math;language=dflt;"
(fontspec)             - 'bold small caps'  (b/sc) with NFSS spec.: 
(fontspec)             and font adjustment code:
(fontspec)             \fontdimen 8\font =7.41315pt\relax \fontdimen 9\font
(fontspec)             =4.3143pt\relax \fontdimen 10\font =4.8618pt\relax
(fontspec)             \fontdimen 11\font =7.5117pt\relax \fontdimen 12\font
(fontspec)             =3.77776pt\relax \fontdimen 13\font =3.97485pt\relax
(fontspec)             \fontdimen 14\font =3.97485pt\relax \fontdimen 15\font
(fontspec)             =3.16455pt\relax \fontdimen 16\font =2.70465pt\relax
(fontspec)             \fontdimen 17\font =2.70465pt\relax \fontdimen 18\font
(fontspec)             =2.7375pt\relax \fontdimen 19\font =2.19pt\relax
(fontspec)             \fontdimen 22\font =2.7375pt\relax \fontdimen 20\font
(fontspec)             =0pt\relax \fontdimen 21\font =0pt\relax 

LaTeX Font Info:    Encoding `OMS' has changed to `TU' for symbol font
(Font)              `symbols' in the math version `normal' on input line 240.
LaTeX Font Info:    Overwriting symbol font `symbols' in version `normal'
(Font)                  OMS/lmsy/m/n --> TU/latinmodern-math.otf(2)/m/n on input line 240.
LaTeX Font Info:    Encoding `OMS' has changed to `TU' for symbol font
(Font)              `symbols' in the math version `bold' on input line 240.
LaTeX Font Info:    Overwriting symbol font `symbols' in version `bold'
(Font)                  OMS/lmsy/b/n --> TU/latinmodern-math.otf(2)/b/n on input line 240.

Package fontspec Info: latinmodern-math scale = 0.9999967668407183.


Package fontspec Info: latinmodern-math scale = 0.9998967671640342.


Package fontspec Info: latinmodern-math scale = 0.9999967668407183.


Package fontspec Info: latinmodern-math scale = 0.9998967671640342.


Package fontspec Info: latinmodern-math scale = 0.9999967668407183.


Package fontspec Info: latinmodern-math scale = 0.9998967671640342.


Package fontspec Info: latinmodern-math scale = 0.9999967668407183.


Package fontspec Info: latinmodern-math scale = 0.9998967671640342.


Package fontspec Info: latinmodern-math scale = 0.9999967668407183.


Package fontspec Info: latinmodern-math scale = 0.9998967671640342.


Package fontspec Info: Font family 'latinmodern-math.otf(3)' created for font
(fontspec)             'latinmodern-math.otf' with options
(fontspec)             [Scale=MatchLowercase,BoldItalicFont={},ItalicFont={},SmallCapsFont={},Script=Math,SizeFeatures={{Size=9.3075-},{Size=6.57-9.3075,Font=latinmodern-math.otf,Style=MathScript},{Size=-6.57,Font=latinmodern-math.otf,Style=MathScriptScript}},BoldFont={latinmodern-math.otf},ScaleAgain=0.9999,FontAdjustment={\fontdimen
(fontspec)             8\font =0.438pt\relax \fontdimen 9\font =2.19pt\relax
(fontspec)             \fontdimen 10\font =1.82864pt\relax \fontdimen 11\font
(fontspec)             =1.21545pt\relax \fontdimen 12\font =6.56999pt\relax
(fontspec)             \fontdimen 13\font =0pt\relax }].
(fontspec)              
(fontspec)              This font family consists of the following NFSS
(fontspec)             series/shapes:
(fontspec)              
(fontspec)             - 'normal' (m/n) with NFSS spec.:
(fontspec)             <9.3075->s*[0.9998967671640342]"[latinmodern-math.otf]/OT:script=math;language=dflt;"<6.57-9.3075>s*[0.9998967671640342]"[latinmodern-math.otf]/OT:script=math;language=dflt;+ssty=0;"<-6.57>s*[0.9998967671640342]"[latinmodern-math.otf]/OT:script=math;language=dflt;+ssty=1;"
(fontspec)             - 'small caps'  (m/sc) with NFSS spec.: 
(fontspec)             and font adjustment code:
(fontspec)             \fontdimen 8\font =0.438pt\relax \fontdimen 9\font
(fontspec)             =2.19pt\relax \fontdimen 10\font =1.82864pt\relax
(fontspec)             \fontdimen 11\font =1.21545pt\relax \fontdimen 12\font
(fontspec)             =6.56999pt\relax \fontdimen 13\font =0pt\relax 
(fontspec)             - 'bold' (b/n) with NFSS spec.:
(fontspec)             <->s*[0.9998967671640342]"[latinmodern-math.otf]/OT:script=math;language=dflt;"
(fontspec)             - 'bold small caps'  (b/sc) with NFSS spec.: 
(fontspec)             and font adjustment code:
(fontspec)             \fontdimen 8\font =0.438pt\relax \fontdimen 9\font
(fontspec)             =2.19pt\relax \fontdimen 10\font =1.82864pt\relax
(fontspec)             \fontdimen 11\font =1.21545pt\relax \fontdimen 12\font
(fontspec)             =6.56999pt\relax \fontdimen 13\font =0pt\relax 

LaTeX Font Info:    Encoding `OMX' has changed to `TU' for symbol font
(Font)              `largesymbols' in the math version `normal' on input line 240.
LaTeX Font Info:    Overwriting symbol font `largesymbols' in version `normal'
(Font)                  OMX/lmex/m/n --> TU/latinmodern-math.otf(3)/m/n on input line 240.
LaTeX Font Info:    Encoding `OMX' has changed to `TU' for symbol font
(Font)              `largesymbols' in the math version `bold' on input line 240.
LaTeX Font Info:    Overwriting symbol font `largesymbols' in version `bold'
(Font)                  OMX/lmex/m/n --> TU/latinmodern-math.otf(3)/b/n on input line 240.
Package hyperref Info: Link coloring ON on input line 240.

Package hyperref Warning: Rerun to get /PageLabels entry.

Package caption Info: Begin \AtBeginDocument code.
Package caption Info: End \AtBeginDocument code.
LaTeX Font Info:    Font shape `TU/latinmodern-math.otf(1)/m/n' will be
(Font)              scaled to size 14.4pt on input line 242.
LaTeX Font Info:    Font shape `TU/latinmodern-math.otf(1)/m/n' will be
(Font)              scaled to size 10.0pt on input line 242.
LaTeX Font Info:    Font shape `TU/latinmodern-math.otf(1)/m/n' will be
(Font)              scaled to size 7.0pt on input line 242.
LaTeX Font Info:    Trying to load font information for OML+lmm on input line 242.
(c:/Users/dlakens/AppData/Roaming/TinyTeX/texmf-dist/tex/latex/lm/omllmm.fd
File: omllmm.fd 2015/05/01 v1.6.1 Font defs for Latin Modern
)
LaTeX Font Info:    Font shape `TU/latinmodern-math.otf(2)/m/n' will be
(Font)              scaled to size 14.4013pt on input line 242.
LaTeX Font Info:    Font shape `TU/latinmodern-math.otf(2)/m/n' will be
(Font)              scaled to size 10.00092pt on input line 242.
LaTeX Font Info:    Font shape `TU/latinmodern-math.otf(2)/m/n' will be
(Font)              scaled to size 7.00064pt on input line 242.
LaTeX Font Info:    Font shape `TU/latinmodern-math.otf(3)/m/n' will be
(Font)              scaled to size 14.39845pt on input line 242.
LaTeX Font Info:    Font shape `TU/latinmodern-math.otf(3)/m/n' will be
(Font)              scaled to size 9.99893pt on input line 242.
LaTeX Font Info:    Font shape `TU/latinmodern-math.otf(3)/m/n' will be
(Font)              scaled to size 6.99925pt on input line 242.
LaTeX Font Info:    Trying to load font information for U+msa on input line 242.
(c:/Users/dlakens/AppData/Roaming/TinyTeX/texmf-dist/tex/latex/amsfonts/umsa.fd
File: umsa.fd 2013/01/14 v3.01 AMS symbols A
)
LaTeX Font Info:    Trying to load font information for U+msb on input line 242.
(c:/Users/dlakens/AppData/Roaming/TinyTeX/texmf-dist/tex/latex/amsfonts/umsb.fd
File: umsb.fd 2013/01/14 v3.01 AMS symbols B
) [1



]
No file index.toc.
\tf@toc=\write5
\openout5 = `index.toc'.

[2

]
Missing character: There is no  (U+6982) in font [lmsans10-bold]:mapping=tex-text;!
Missing character: There is no  (U+8FF0) in font [lmsans10-bold]:mapping=tex-text;!
Missing character: There is no  (U+7FFB) in font [lmroman10-regular]:mapping=tex-text;!
Missing character: There is no  (U+8BD1) in font [lmroman10-regular]:mapping=tex-text;!
Missing character: There is no  (U+4EBA) in font [lmroman10-regular]:mapping=tex-text;!
Missing character: There is no  (U+5458) in font [lmroman10-regular]:mapping=tex-text;!
Missing character: There is no  (U+548C) in font [lmroman10-regular]:mapping=tex-text;!
Missing character: There is no  (U+6821) in font [lmroman10-regular]:mapping=tex-text;!
Missing character: There is no  (U+5BF9) in font [lmroman10-regular]:mapping=tex-text;!
Missing character: There is no  (U+FF0C) in font [lmroman10-regular]:mapping=tex-text;!
Missing character: There is no  (U+FF0C) in font [lmroman10-regular]:mapping=tex-text;!
Missing character: There is no  (U+FF0C) in font [lmroman10-regular]:mapping=tex-text;!
Missing character: There is no  (U+60A8) in font [lmroman10-regular]:mapping=tex-text;!
Missing character: There is no  (U+53EF) in font [lmroman10-regular]:mapping=tex-text;!
Missing character: There is no  (U+4EE5) in font [lmroman10-regular]:mapping=tex-text;!
Missing character: There is no  (U+5C06) in font [lmroman10-regular]:mapping=tex-text;!
Missing character: There is no  (U+6B64) in font [lmroman10-regular]:mapping=tex-text;!
Missing character: There is no  (U+8D44) in font [lmroman10-regular]:mapping=tex-text;!
Missing character: There is no  (U+6E90) in font [lmroman10-regular]:mapping=tex-text;!
Missing character: There is no  (U+5F15) in font [lmroman10-regular]:mapping=tex-text;!
Missing character: There is no  (U+7528) in font [lmroman10-regular]:mapping=tex-text;!
Missing character: There is no  (U+4E3A) in font [lmroman10-regular]:mapping=tex-text;!

Overfull \hbox (127.78856pt too wide) in paragraph at lines 265--268
[]\TU/lmr/m/n/10.95 Lakens, D. (2022). Improving Your Statistical Inferences. Retrieved from https://lakens.github.io/statistical_inferences/.
 []

File: images/me.png Graphic file (type bmp)
<images/me.png>
[3

]
chapter 1.

Class scrreprt Warning: \float@addtolists detected!
(scrreprt)              Implementation of \float@addtolist became
(scrreprt)              deprecated in KOMA-Script v3.01 2008/11/14 and
(scrreprt)              has been replaced by several more flexible
(scrreprt)              features of package `tocbasic`.
(scrreprt)              Since Version 3.12 support for deprecated
(scrreprt)              \float@addtolist interface has been
(scrreprt)              restricted to only some of the KOMA-Script
(scrreprt)              features and been removed from others.
(scrreprt)              Loading of package `scrhack' may help to
(scrreprt)              avoid this warning, if you are using a
(scrreprt)              a package that still implements the
(scrreprt)              deprecated \float@addtolist interface.

Missing character: There is no  (U+4F7F) in font [lmsans10-bold]:mapping=tex-text;!
Missing character: There is no  (U+7528) in font [lmsans10-bold]:mapping=tex-text;!
LaTeX Font Info:    Font shape `TU/lmss/bx/it' in size <20.74> not available
(Font)              Font shape `TU/lmss/bx/sl' tried instead on input line 286.
Missing character: There is no  (U+503C) in font [lmsans10-bold]:mapping=tex-text;!
Missing character: There is no  (U+8FDB) in font [lmsans10-bold]:mapping=tex-text;!
Missing character: There is no  (U+884C) in font [lmsans10-bold]:mapping=tex-text;!
Missing character: There is no  (U+5047) in font [lmsans10-bold]:mapping=tex-text;!
Missing character: There is no  (U+8BBE) in font [lmsans10-bold]:mapping=tex-text;!
Missing character: There is no  (U+68C0) in font [lmsans10-bold]:mapping=tex-text;!
Missing character: There is no  (U+9A8C) in font [lmsans10-bold]:mapping=tex-text;!
Missing character: There is no  (U+7814) in font [lmroman10-regular]:mapping=tex-text;!
Missing character: There is no  (U+7A76) in font [lmroman10-regular]:mapping=tex-text;!
Missing character: There is no  (U+8005) in font [lmroman10-regular]:mapping=tex-text;!
Missing character: There is no  (U+4EEC) in font [lmroman10-regular]:mapping=tex-text;!
Missing character: There is no  (U+53EF) in font [lmroman10-regular]:mapping=tex-text;!
Missing character: There is no  (U+4EE5) in font [lmroman10-regular]:mapping=tex-text;!
Missing character: There is no  (U+901A) in font [lmroman10-regular]:mapping=tex-text;!
Missing character: There is no  (U+8FC7) in font [lmroman10-regular]:mapping=tex-text;!
Missing character: There is no  (U+6536) in font [lmroman10-regular]:mapping=tex-text;!
Missing character: There is no  (U+96C6) in font [lmroman10-regular]:mapping=tex-text;!
Missing character: There is no  (U+6570) in font [lmroman10-regular]:mapping=tex-text;!
Missing character: There is no  (U+636E) in font [lmroman10-regular]:mapping=tex-text;!
Missing character: There is no  (U+6765) in font [lmroman10-regular]:mapping=tex-text;!
Missing character: There is no  (U+56DE) in font [lmroman10-regular]:mapping=tex-text;!
Missing character: There is no  (U+7B54) in font [lmroman10-regular]:mapping=tex-text;!
Missing character: There is no  (U+5404) in font [lmroman10-regular]:mapping=tex-text;!
Missing character: There is no  (U+79CD) in font [lmroman10-regular]:mapping=tex-text;!
Missing character: There is no  (U+7814) in font [lmroman10-regular]:mapping=tex-text;!
Missing character: There is no  (U+7A76) in font [lmroman10-regular]:mapping=tex-text;!
Missing character: There is no  (U+95EE) in font [lmroman10-regular]:mapping=tex-text;!
Missing character: There is no  (U+9898) in font [lmroman10-regular]:mapping=tex-text;!
Missing character: There is no  (U+3002) in font [lmroman10-regular]:mapping=tex-text;!
Missing character: There is no  (U+4ED6) in font [lmroman10-regular]:mapping=tex-text;!
Missing character: There is no  (U+4EEC) in font [lmroman10-regular]:mapping=tex-text;!
Missing character: There is no  (U+611F) in font [lmroman10-regular]:mapping=tex-text;!
Missing character: There is no  (U+5174) in font [lmroman10-regular]:mapping=tex-text;!
Missing character: There is no  (U+8DA3) in font [lmroman10-regular]:mapping=tex-text;!
Missing character: There is no  (U+7684) in font [lmroman10-regular]:mapping=tex-text;!
Missing character: There is no  (U+662F) in font [lmroman10-regular]:mapping=tex-text;!
Missing character: There is no  (U+5728) in font [lmroman10-regular]:mapping=tex-text;!
Missing character: There is no  (U+4E0D) in font [lmroman10-regular]:mapping=tex-text;!
Missing character: There is no  (U+540C) in font [lmroman10-regular]:mapping=tex-text;!
Missing character: There is no  (U+6761) in font [lmroman10-regular]:mapping=tex-text;!
Missing character: There is no  (U+4EF6) in font [lmroman10-regular]:mapping=tex-text;!
Missing character: There is no  (U+4E0B) in font [lmroman10-regular]:mapping=tex-text;!
Missing character: There is no  (U+6240) in font [lmroman10-regular]:mapping=tex-text;!
Missing character: There is no  (U+6536) in font [lmroman10-regular]:mapping=tex-text;!
Missing character: There is no  (U+96C6) in font [lmroman10-regular]:mapping=tex-text;!
Missing character: There is no  (U+5230) in font [lmroman10-regular]:mapping=tex-text;!
Missing character: There is no  (U+7684) in font [lmroman10-regular]:mapping=tex-text;!
Missing character: There is no  (U+6570) in font [lmroman10-regular]:mapping=tex-text;!
Missing character: There is no  (U+636E) in font [lmroman10-regular]:mapping=tex-text;!
Missing character: There is no  (U+7ED3) in font [lmroman10-regular]:mapping=tex-text;!
Missing character: There is no  (U+679C) in font [lmroman10-regular]:mapping=tex-text;!
Missing character: There is no  (U+662F) in font [lmroman10-regular]:mapping=tex-text;!
Missing character: There is no  (U+5426) in font [lmroman10-regular]:mapping=tex-text;!
Missing character: There is no  (U+6709) in font [lmroman10-regular]:mapping=tex-text;!
Missing character: There is no  (U+6240) in font [lmroman10-regular]:mapping=tex-text;!
Missing character: There is no  (U+5DEE) in font [lmroman10-regular]:mapping=tex-text;!
Missing character: There is no  (U+5F02) in font [lmroman10-regular]:mapping=tex-text;!
Missing character: There is no  (U+3002) in font [lmroman10-regular]:mapping=tex-text;!
Missing character: There is no  (U+5BF9) in font [lmroman10-regular]:mapping=tex-text;!
Missing character: There is no  (U+4E8E) in font [lmroman10-regular]:mapping=tex-text;!
Missing character: There is no  (U+8FD9) in font [lmroman10-regular]:mapping=tex-text;!
Missing character: There is no  (U+4E2A) in font [lmroman10-regular]:mapping=tex-text;!
Missing character: There is no  (U+95EE) in font [lmroman10-regular]:mapping=tex-text;!
Missing character: There is no  (U+9898) in font [lmroman10-regular]:mapping=tex-text;!
Missing character: There is no  (U+7684) in font [lmroman10-regular]:mapping=tex-text;!
Missing character: There is no  (U+7B54) in font [lmroman10-regular]:mapping=tex-text;!
Missing character: There is no  (U+6848) in font [lmroman10-regular]:mapping=tex-text;!
Missing character: There is no  (U+662F) in font [lmroman10-regular]:mapping=tex-text;!
Missing character: There is no  (U+4E00) in font [lmroman10-regular]:mapping=tex-text;!
Missing character: There is no  (U+4E2A) in font [lmroman10-regular]:mapping=tex-text;!
Missing character: There is no  (U+65B9) in font [lmroman10-italic]:mapping=tex-text;!
Missing character: There is no  (U+5411) in font [lmroman10-italic]:mapping=tex-text;!
Missing character: There is no  (U+6027) in font [lmroman10-italic]:mapping=tex-text;!
Missing character: There is no  (U+68C0) in font [lmroman10-italic]:mapping=tex-text;!
Missing character: There is no  (U+9A8C) in font [lmroman10-italic]:mapping=tex-text;!
Missing character: There is no  (U+FF08) in font [lmroman10-italic]:mapping=tex-text;!
Missing character: There is no  (U+FF09) in font [lmroman10-italic]:mapping=tex-text;!
Missing character: There is no  (U+56E0) in font [lmroman10-regular]:mapping=tex-text;!
Missing character: There is no  (U+4E3A) in font [lmroman10-regular]:mapping=tex-text;!
Missing character: There is no  (U+7814) in font [lmroman10-regular]:mapping=tex-text;!
Missing character: There is no  (U+7A76) in font [lmroman10-regular]:mapping=tex-text;!
Missing character: There is no  (U+8005) in font [lmroman10-regular]:mapping=tex-text;!
Missing character: There is no  (U+5BF9) in font [lmroman10-regular]:mapping=tex-text;!
Missing character: There is no  (U+6570) in font [lmroman10-regular]:mapping=tex-text;!
Missing character: There is no  (U+636E) in font [lmroman10-regular]:mapping=tex-text;!
Missing character: There is no  (U+7ED3) in font [lmroman10-regular]:mapping=tex-text;!
Missing character: There is no  (U+679C) in font [lmroman10-regular]:mapping=tex-text;!
Missing character: There is no  (U+8FDB) in font [lmroman10-regular]:mapping=tex-text;!
Missing character: There is no  (U+884C) in font [lmroman10-regular]:mapping=tex-text;!
Missing character: There is no  (U+4E24) in font [lmroman10-regular]:mapping=tex-text;!
Missing character: There is no  (U+4E24) in font [lmroman10-regular]:mapping=tex-text;!
Missing character: There is no  (U+6BD4) in font [lmroman10-regular]:mapping=tex-text;!
Missing character: There is no  (U+8F83) in font [lmroman10-regular]:mapping=tex-text;!
Missing character: There is no  (U+65F6) in font [lmroman10-regular]:mapping=tex-text;!
Missing character: There is no  (U+FF0C) in font [lmroman10-regular]:mapping=tex-text;!
Missing character: There is no  (U+5176) in font [lmroman10-regular]:mapping=tex-text;!
Missing character: There is no  (U+5E73) in font [lmroman10-regular]:mapping=tex-text;!
Missing character: There is no  (U+5747) in font [lmroman10-regular]:mapping=tex-text;!
Missing character: There is no  (U+503C) in font [lmroman10-regular]:mapping=tex-text;!
Missing character: There is no  (U+53EF) in font [lmroman10-regular]:mapping=tex-text;!
Missing character: There is no  (U+80FD) in font [lmroman10-regular]:mapping=tex-text;!
Missing character: There is no  (U+6709) in font [lmroman10-regular]:mapping=tex-text;!
Missing character: There is no  (U+5927) in font [lmroman10-regular]:mapping=tex-text;!
Missing character: There is no  (U+6709) in font [lmroman10-regular]:mapping=tex-text;!
Missing character: There is no  (U+5C0F) in font [lmroman10-regular]:mapping=tex-text;!
Missing character: There is no  (U+4E5F) in font [lmroman10-regular]:mapping=tex-text;!
Missing character: There is no  (U+53EF) in font [lmroman10-regular]:mapping=tex-text;!
Missing character: There is no  (U+80FD) in font [lmroman10-regular]:mapping=tex-text;!
Missing character: There is no  (U+6CA1) in font [lmroman10-regular]:mapping=tex-text;!
Missing character: There is no  (U+6709) in font [lmroman10-regular]:mapping=tex-text;!
Missing character: There is no  (U+5DEE) in font [lmroman10-regular]:mapping=tex-text;!
Missing character: There is no  (U+5F02) in font [lmroman10-regular]:mapping=tex-text;!
Missing character: There is no  (U+3002) in font [lmroman10-regular]:mapping=tex-text;!
Missing character: There is no  (U+4F8B) in font [lmroman10-regular]:mapping=tex-text;!
Missing character: There is no  (U+5982) in font [lmroman10-regular]:mapping=tex-text;!
Missing character: There is no  (U+FF0C) in font [lmroman10-regular]:mapping=tex-text;!
Missing character: There is no  (U+7814) in font [lmroman10-regular]:mapping=tex-text;!
Missing character: There is no  (U+7A76) in font [lmroman10-regular]:mapping=tex-text;!
Missing character: There is no  (U+8005) in font [lmroman10-regular]:mapping=tex-text;!
Missing character: There is no  (U+53EF) in font [lmroman10-regular]:mapping=tex-text;!
Missing character: There is no  (U+80FD) in font [lmroman10-regular]:mapping=tex-text;!
Missing character: There is no  (U+5BF9) in font [lmroman10-regular]:mapping=tex-text;!
Missing character: There is no  (U+8FD9) in font [lmroman10-regular]:mapping=tex-text;!
Missing character: There is no  (U+6837) in font [lmroman10-regular]:mapping=tex-text;!
Missing character: There is no  (U+7684) in font [lmroman10-regular]:mapping=tex-text;!
Missing character: There is no  (U+5047) in font [lmroman10-regular]:mapping=tex-text;!
Missing character: There is no  (U+8BBE) in font [lmroman10-regular]:mapping=tex-text;!
Missing character: There is no  (U+611F) in font [lmroman10-regular]:mapping=tex-text;!
Missing character: There is no  (U+5174) in font [lmroman10-regular]:mapping=tex-text;!
Missing character: There is no  (U+8DA3) in font [lmroman10-regular]:mapping=tex-text;!
Missing character: There is no  (U+FF1A) in font [lmroman10-regular]:mapping=tex-text;!
Missing character: There is no  (U+5047) in font [lmroman10-regular]:mapping=tex-text;!
Missing character: There is no  (U+8BBE) in font [lmroman10-regular]:mapping=tex-text;!
Missing character: There is no  (U+6761) in font [lmroman10-regular]:mapping=tex-text;!
Missing character: There is no  (U+4EF6) in font [lmroman10-regular]:mapping=tex-text;!
Missing character: There is no  (U+4E3A) in font [lmroman10-regular]:mapping=tex-text;!
Missing character: There is no  (U+FF1A) in font [lmroman10-regular]:mapping=tex-text;!
Missing character: There is no  (U+5B66) in font [lmroman10-regular]:mapping=tex-text;!
Missing character: There is no  (U+751F) in font [lmroman10-regular]:mapping=tex-text;!
Missing character: There is no  (U+5728) in font [lmroman10-regular]:mapping=tex-text;!
Missing character: There is no  (U+8FDB) in font [lmroman10-regular]:mapping=tex-text;!
Missing character: There is no  (U+884C) in font [lmroman10-regular]:mapping=tex-text;!
Missing character: There is no  (U+4E86) in font [lmroman10-regular]:mapping=tex-text;!
Missing character: There is no  (U+5145) in font [lmroman10-regular]:mapping=tex-text;!
Missing character: There is no  (U+5206) in font [lmroman10-regular]:mapping=tex-text;!
Missing character: There is no  (U+7684) in font [lmroman10-regular]:mapping=tex-text;!
Missing character: There is no  (U+5B66) in font [lmroman10-regular]:mapping=tex-text;!
Missing character: There is no  (U+4E60) in font [lmroman10-regular]:mapping=tex-text;!
Missing character: There is no  (U+540E) in font [lmroman10-regular]:mapping=tex-text;!
Missing character: There is no  (U+8FDB) in font [lmroman10-regular]:mapping=tex-text;!
Missing character: There is no  (U+884C) in font [lmroman10-regular]:mapping=tex-text;!
Missing character: There is no  (U+6D4B) in font [lmroman10-regular]:mapping=tex-text;!
Missing character: There is no  (U+8BD5) in font [lmroman10-regular]:mapping=tex-text;!
Missing character: There is no  (U+FF0C) in font [lmroman10-regular]:mapping=tex-text;!
Missing character: There is no  (U+6761) in font [lmroman10-regular]:mapping=tex-text;!
Missing character: There is no  (U+4EF6) in font [lmroman10-regular]:mapping=tex-text;!
Missing character: There is no  (U+4E3A) in font [lmroman10-regular]:mapping=tex-text;!
Missing character: There is no  (U+5B66) in font [lmroman10-regular]:mapping=tex-text;!
Missing character: There is no  (U+751F) in font [lmroman10-regular]:mapping=tex-text;!
Missing character: There is no  (U+5C06) in font [lmroman10-regular]:mapping=tex-text;!
Missing character: There is no  (U+82B1) in font [lmroman10-regular]:mapping=tex-text;!
Missing character: There is no  (U+8D39) in font [lmroman10-regular]:mapping=tex-text;!
Missing character: There is no  (U+5168) in font [lmroman10-regular]:mapping=tex-text;!
Missing character: There is no  (U+90E8) in font [lmroman10-regular]:mapping=tex-text;!
Missing character: There is no  (U+7CBE) in font [lmroman10-regular]:mapping=tex-text;!
Missing character: There is no  (U+529B) in font [lmroman10-regular]:mapping=tex-text;!
Missing character: There is no  (U+7528) in font [lmroman10-regular]:mapping=tex-text;!
Missing character: There is no  (U+4E8E) in font [lmroman10-regular]:mapping=tex-text;!
Missing character: There is no  (U+5B66) in font [lmroman10-regular]:mapping=tex-text;!
Missing character: There is no  (U+4E60) in font [lmroman10-regular]:mapping=tex-text;!
Missing character: There is no  (U+800C) in font [lmroman10-regular]:mapping=tex-text;!
Missing character: There is no  (U+8FDB) in font [lmroman10-regular]:mapping=tex-text;!
Missing character: There is no  (U+884C) in font [lmroman10-regular]:mapping=tex-text;!
Missing character: There is no  (U+6D4B) in font [lmroman10-regular]:mapping=tex-text;!
Missing character: There is no  (U+8BD5) in font [lmroman10-regular]:mapping=tex-text;!
Missing character: There is no  (U+FF0C) in font [lmroman10-regular]:mapping=tex-text;!
Missing character: There is no  (U+76F8) in font [lmroman10-regular]:mapping=tex-text;!
Missing character: There is no  (U+5BF9) in font [lmroman10-regular]:mapping=tex-text;!
Missing character: There is no  (U+6761) in font [lmroman10-regular]:mapping=tex-text;!
Missing character: There is no  (U+4EF6) in font [lmroman10-regular]:mapping=tex-text;!
Missing character: There is no  (U+6765) in font [lmroman10-regular]:mapping=tex-text;!
Missing character: There is no  (U+8BF4) in font [lmroman10-regular]:mapping=tex-text;!
Missing character: There is no  (U+FF0C) in font [lmroman10-regular]:mapping=tex-text;!
Missing character: There is no  (U+6761) in font [lmroman10-regular]:mapping=tex-text;!
Missing character: There is no  (U+4EF6) in font [lmroman10-regular]:mapping=tex-text;!
Missing character: There is no  (U+7684) in font [lmroman10-regular]:mapping=tex-text;!
Missing character: There is no  (U+5B66) in font [lmroman10-regular]:mapping=tex-text;!
Missing character: There is no  (U+4E60) in font [lmroman10-regular]:mapping=tex-text;!
Missing character: There is no  (U+6210) in font [lmroman10-regular]:mapping=tex-text;!
Missing character: There is no  (U+679C) in font [lmroman10-regular]:mapping=tex-text;!
Missing character: There is no  (U+53EF) in font [lmroman10-regular]:mapping=tex-text;!
Missing character: There is no  (U+80FD) in font [lmroman10-regular]:mapping=tex-text;!
Missing character: There is no  (U+4F1A) in font [lmroman10-regular]:mapping=tex-text;!
Missing character: There is no  (U+66F4) in font [lmroman10-regular]:mapping=tex-text;!
Missing character: There is no  (U+4F18) in font [lmroman10-regular]:mapping=tex-text;!
Missing character: There is no  (U+5F02) in font [lmroman10-regular]:mapping=tex-text;!
Missing character: There is no  (U+3002) in font [lmroman10-regular]:mapping=tex-text;!
Missing character: There is no  (U+5728) in font [lmroman10-regular]:mapping=tex-text;!
Missing character: There is no  (U+6536) in font [lmroman10-regular]:mapping=tex-text;!
Missing character: There is no  (U+96C6) in font [lmroman10-regular]:mapping=tex-text;!
Missing character: There is no  (U+6570) in font [lmroman10-regular]:mapping=tex-text;!
Missing character: There is no  (U+636E) in font [lmroman10-regular]:mapping=tex-text;!
Missing character: There is no  (U+5E76) in font [lmroman10-regular]:mapping=tex-text;!
Missing character: There is no  (U+5F97) in font [lmroman10-regular]:mapping=tex-text;!
Missing character: There is no  (U+51FA) in font [lmroman10-regular]:mapping=tex-text;!
Missing character: There is no  (U+6709) in font [lmroman10-regular]:mapping=tex-text;!
Missing character: There is no  (U+6D4B) in font [lmroman10-regular]:mapping=tex-text;!
Missing character: There is no  (U+8BD5) in font [lmroman10-regular]:mapping=tex-text;!
Missing character: There is no  (U+7684) in font [lmroman10-regular]:mapping=tex-text;!
Missing character: There is no  (U+5B66) in font [lmroman10-regular]:mapping=tex-text;!
Missing character: There is no  (U+751F) in font [lmroman10-regular]:mapping=tex-text;!
Missing character: There is no  (U+7684) in font [lmroman10-regular]:mapping=tex-text;!
Missing character: There is no  (U+5E73) in font [lmroman10-regular]:mapping=tex-text;!
Missing character: There is no  (U+5747) in font [lmroman10-regular]:mapping=tex-text;!
Missing character: There is no  (U+6210) in font [lmroman10-regular]:mapping=tex-text;!
Missing character: There is no  (U+7EE9) in font [lmroman10-regular]:mapping=tex-text;!
Missing character: There is no  (U+8F83) in font [lmroman10-regular]:mapping=tex-text;!
Missing character: There is no  (U+9AD8) in font [lmroman10-regular]:mapping=tex-text;!
Missing character: There is no  (U+540E) in font [lmroman10-regular]:mapping=tex-text;!
Missing character: There is no  (U+FF0C) in font [lmroman10-regular]:mapping=tex-text;!
Missing character: There is no  (U+7814) in font [lmroman10-regular]:mapping=tex-text;!
Missing character: There is no  (U+7A76) in font [lmroman10-regular]:mapping=tex-text;!
Missing character: There is no  (U+8005) in font [lmroman10-regular]:mapping=tex-text;!
Missing character: There is no  (U+53EF) in font [lmroman10-regular]:mapping=tex-text;!
Missing character: There is no  (U+4EE5) in font [lmroman10-regular]:mapping=tex-text;!
Missing character: There is no  (U+63D0) in font [lmroman10-regular]:mapping=tex-text;!
Missing character: There is no  (U+51FA) in font [lmroman10-regular]:mapping=tex-text;!
Missing character: There is no  (U+4E00) in font [lmroman10-regular]:mapping=tex-text;!
Missing character: There is no  (U+4E2A) in font [lmroman10-regular]:mapping=tex-text;!
Missing character: There is no  (U+6709) in font [lmroman10-regular]:mapping=tex-text;!
Missing character: There is no  (U+65B9) in font [lmroman10-regular]:mapping=tex-text;!
Missing character: There is no  (U+5411) in font [lmroman10-regular]:mapping=tex-text;!
Missing character: There is no  (U+6027) in font [lmroman10-regular]:mapping=tex-text;!
Missing character: There is no  (U+7684) in font [lmroman10-regular]:mapping=tex-text;!
Missing character: There is no  (U+5047) in font [lmroman10-regular]:mapping=tex-text;!
Missing character: There is no  (U+8BBE) in font [lmroman10-regular]:mapping=tex-text;!
Missing character: There is no  (U+FF0C) in font [lmroman10-regular]:mapping=tex-text;!
Missing character: There is no  (U+5373) in font [lmroman10-regular]:mapping=tex-text;!
Missing character: There is no  (U+4E0E) in font [lmroman10-regular]:mapping=tex-text;!
Missing character: There is no  (U+6761) in font [lmroman10-regular]:mapping=tex-text;!
Missing character: There is no  (U+4EF6) in font [lmroman10-regular]:mapping=tex-text;!
Missing character: There is no  (U+76F8) in font [lmroman10-regular]:mapping=tex-text;!
Missing character: There is no  (U+6BD4) in font [lmroman10-regular]:mapping=tex-text;!
Missing character: There is no  (U+FF0C) in font [lmroman10-regular]:mapping=tex-text;!
Missing character: There is no  (U+6761) in font [lmroman10-regular]:mapping=tex-text;!
Missing character: There is no  (U+4EF6) in font [lmroman10-regular]:mapping=tex-text;!
Missing character: There is no  (U+7684) in font [lmroman10-regular]:mapping=tex-text;!
Missing character: There is no  (U+5B66) in font [lmroman10-regular]:mapping=tex-text;!
Missing character: There is no  (U+751F) in font [lmroman10-regular]:mapping=tex-text;!
Missing character: There is no  (U+6210) in font [lmroman10-regular]:mapping=tex-text;!
Missing character: There is no  (U+7EE9) in font [lmroman10-regular]:mapping=tex-text;!
Missing character: There is no  (U+66F4) in font [lmroman10-italic]:mapping=tex-text;!
Missing character: There is no  (U+597D) in font [lmroman10-italic]:mapping=tex-text;!
Missing character: There is no  (U+3002) in font [lmroman10-regular]:mapping=tex-text;!
Missing character: There is no  (U+65B9) in font [lmroman10-regular]:mapping=tex-text;!
Missing character: There is no  (U+5411) in font [lmroman10-regular]:mapping=tex-text;!
Missing character: There is no  (U+6027) in font [lmroman10-regular]:mapping=tex-text;!
Missing character: There is no  (U+5047) in font [lmroman10-regular]:mapping=tex-text;!
Missing character: There is no  (U+8BBE) in font [lmroman10-regular]:mapping=tex-text;!
Missing character: There is no  (U+4EC5) in font [lmroman10-regular]:mapping=tex-text;!
Missing character: There is no  (U+80FD) in font [lmroman10-regular]:mapping=tex-text;!
Missing character: There is no  (U+8BF4) in font [lmroman10-regular]:mapping=tex-text;!
Missing character: There is no  (U+660E) in font [lmroman10-regular]:mapping=tex-text;!
Missing character: There is no  (U+6761) in font [lmroman10-regular]:mapping=tex-text;!
Missing character: There is no  (U+4EF6) in font [lmroman10-regular]:mapping=tex-text;!
Missing character: There is no  (U+4E4B) in font [lmroman10-regular]:mapping=tex-text;!
Missing character: There is no  (U+95F4) in font [lmroman10-regular]:mapping=tex-text;!
Missing character: There is no  (U+5B58) in font [lmroman10-regular]:mapping=tex-text;!
Missing character: There is no  (U+5728) in font [lmroman10-regular]:mapping=tex-text;!
Missing character: There is no  (U+4E00) in font [lmroman10-regular]:mapping=tex-text;!
Missing character: There is no  (U+5B9A) in font [lmroman10-regular]:mapping=tex-text;!
Missing character: There is no  (U+5DEE) in font [lmroman10-regular]:mapping=tex-text;!
Missing character: There is no  (U+5F02) in 